This binary contains symmetries: 2u1pg su2u1pg 
DMRG version 3.1.1
Temporary storage enabled in ./tmp//storage_temp_844ae9c24613/
The hamiltonian will contain 1665 terms
MPO Bond 0: 60/21
MPO Bond 1: 66/24
MPO Bond 2: 82/32
MPO Bond 3: 106/44
MPO Bond 4: 136/59
MPO Bond 5: 165/75
MPO Bond 6: 10/3
MPO Bond 7: 1/0
Right end: <10,0,0>
MPS initialization has finished...
Expecting 0 states to orthogonalize to.
Boundaries are partially initialized...
Boundaries are fully initialized...
Done init_left_right
TSMPOTensor: 1x66,  66 operators, 66 tags
TSMPOTensor: 60x82,  225 operators, 160 tags
TSMPOTensor: 66x106,  367 operators, 214 tags
TSMPOTensor: 82x136,  487 operators, 296 tags
TSMPOTensor: 106x165,  562 operators, 281 tags
TSMPOTensor: 136x10,  327 operators, 230 tags
TSMPOTensor: 165x1,  165 operators, 101 tags
Total number of tags: 1348

Sweep 0, optimizing sites 0 and 1
JCD used 10 iterations.
Time elapsed in JCD: 0.00392074
Energy 1 -107.927651475374
Sum: 4 -> 3
Time elapsed in TRUNC: 9.318e-05
Propagating t with norm 1
Memory usage : 11819280 790160 
Sweep has been running for 0.00557489 seconds.

Sweep 0, optimizing sites 1 and 2
JCD used 10 iterations.
Time elapsed in JCD: 0.0206938
Energy 1 -108.144187077794
Sum: 12 -> 10
Time elapsed in TRUNC: 0.00012809
Propagating t with norm 1
Memory usage : 11819280 790160 
Sweep has been running for 0.0282011 seconds.

Sweep 0, optimizing sites 2 and 3
JCD used 10 iterations.
Time elapsed in JCD: 0.0593986
Energy 1 -108.387157519122
Sum: 40 -> 35
Time elapsed in TRUNC: 0.00023401
Propagating t with norm 1
Memory usage : 11819280 790424 
Sweep has been running for 0.0921903 seconds.

Sweep 0, optimizing sites 3 and 4
JCD used 10 iterations.
Time elapsed in JCD: 0.11484
Energy 1 -108.628179940268
Sum: 68 -> 61
Time elapsed in TRUNC: 0.00025055
Propagating t with norm 1
Memory usage : 11819280 791496 
Sweep has been running for 0.212151 seconds.

Sweep 0, optimizing sites 4 and 5
JCD used 10 iterations.
Time elapsed in JCD: 0.0921888
Energy 1 -108.745732653559
Sum: 40 -> 35
Time elapsed in TRUNC: 0.00027773
Propagating t with norm 1
Memory usage : 11819280 791496 
Sweep has been running for 0.312014 seconds.

Sweep 0, optimizing sites 5 and 6
JCD used 10 iterations.
Time elapsed in JCD: 0.0245015
Energy 1 -108.745963584949
Sum: 12 -> 10
Time elapsed in TRUNC: 0.000153271
Propagating t with norm 1
Memory usage : 11819280 791496 
Sweep has been running for 0.342175 seconds.

Sweep 0, optimizing sites 6 and 7
JCD used 7 iterations.
Time elapsed in JCD: 0.0038528
Energy 1 -108.745963590979
Sum: 4 -> 3
Time elapsed in TRUNC: 4.008e-05
Propagating t with norm 1
Memory usage : 11819280 791496 
Sweep has been running for 0.346862 seconds.

Sweep 0, optimizing sites 6 and 7
JCD used 1 iterations.
Time elapsed in JCD: 0.00060424
Energy -1 -108.745963588805
Sum: 4 -> 3
Time elapsed in TRUNC: 5.865e-05
Propagating t with norm 1
Memory usage : 11819280 791496 
Sweep has been running for 0.349439 seconds.

Sweep 0, optimizing sites 5 and 6
JCD used 10 iterations.
Time elapsed in JCD: 0.0309202
Energy -1 -108.745963601134
Sum: 12 -> 10
Time elapsed in TRUNC: 0.00011242
Propagating t with norm 1
Memory usage : 11819280 791496 
Sweep has been running for 0.382713 seconds.

Sweep 0, optimizing sites 4 and 5
JCD used 10 iterations.
Time elapsed in JCD: 0.102286
Energy -1 -108.746108504614
Sum: 40 -> 35
Time elapsed in TRUNC: 0.00027579
Propagating t with norm 1
Memory usage : 11819280 791628 
Sweep has been running for 0.489836 seconds.

Sweep 0, optimizing sites 3 and 4
JCD used 10 iterations.
Time elapsed in JCD: 0.136406
Energy -1 -108.746453179045
Sum: 74 -> 66
Time elapsed in TRUNC: 0.00026683
Propagating t with norm 1
Memory usage : 11819280 792056 
Sweep has been running for 0.632846 seconds.

Sweep 0, optimizing sites 2 and 3
JCD used 10 iterations.
Time elapsed in JCD: 0.0753507
Energy -1 -108.746453210237
Sum: 40 -> 35
Time elapsed in TRUNC: 0.00025706
Propagating t with norm 1
Memory usage : 11819280 792056 
Sweep has been running for 0.716284 seconds.

Sweep 0, optimizing sites 1 and 2
JCD used 8 iterations.
Time elapsed in JCD: 0.0172965
Energy -1 -108.746453209407
Sum: 12 -> 10
Time elapsed in TRUNC: 0.00010015
Propagating t with norm 1
Memory usage : 11819280 792056 
Sweep has been running for 0.742404 seconds.

Sweep 0, optimizing sites 0 and 1
JCD used 1 iterations.
Time elapsed in JCD: 0.0010871
Energy -1 -108.746453209009
Sum: 4 -> 3
Time elapsed in TRUNC: 8.917e-05
Propagating t with norm 1
Memory usage : 11819280 792056 
Sweep has been running for 0.745002 seconds.

Sweep 1, optimizing sites 0 and 1
JCD used 1 iterations.
Time elapsed in JCD: 0.000782991
Energy 1 -108.746453209009
Sum: 4 -> 3
Time elapsed in TRUNC: 5.233e-05
Propagating t with norm 1
Memory usage : 11819280 792592 
Sweep has been running for 0.0016711 seconds.

Sweep 1, optimizing sites 1 and 2
JCD used 1 iterations.
Time elapsed in JCD: 0.00231578
Energy 1 -108.746453209009
Sum: 12 -> 10
Time elapsed in TRUNC: 8.87e-05
Propagating t with norm 1
Memory usage : 11819280 792592 
Sweep has been running for 0.00612368 seconds.

Sweep 1, optimizing sites 2 and 3
JCD used 9 iterations.
Time elapsed in JCD: 0.0702174
Energy 1 -108.746453205428
Sum: 40 -> 35
Time elapsed in TRUNC: 0.000190651
Propagating t with norm 1
Memory usage : 11819280 792592 
Sweep has been running for 0.0797919 seconds.

Sweep 1, optimizing sites 3 and 4
JCD used 10 iterations.
Time elapsed in JCD: 0.127576
Energy 1 -108.746453218312
Sum: 74 -> 66
Time elapsed in TRUNC: 0.000288021
Propagating t with norm 1
Memory usage : 11819280 792592 
Sweep has been running for 0.214258 seconds.

Sweep 1, optimizing sites 4 and 5
JCD used 8 iterations.
Time elapsed in JCD: 0.0821109
Energy 1 -108.746453219206
Sum: 40 -> 35
Time elapsed in TRUNC: 0.0003066
Propagating t with norm 1
Memory usage : 11819280 792592 
Sweep has been running for 0.310443 seconds.

Sweep 1, optimizing sites 5 and 6
JCD used 1 iterations.
Time elapsed in JCD: 0.00280584
Energy 1 -108.746453219165
Sum: 12 -> 10
Time elapsed in TRUNC: 9.848e-05
Propagating t with norm 1
Memory usage : 11819280 792592 
Sweep has been running for 0.316366 seconds.

Sweep 1, optimizing sites 6 and 7
JCD used 1 iterations.
Time elapsed in JCD: 0.000656131
Energy 1 -108.746453219165
Sum: 4 -> 3
Time elapsed in TRUNC: 4.529e-05
Propagating t with norm 1
Memory usage : 11819280 792592 
Sweep has been running for 0.318183 seconds.

Sweep 1, optimizing sites 6 and 7
JCD used 1 iterations.
Time elapsed in JCD: 0.0006697
Energy -1 -108.746453219165
Sum: 4 -> 3
Time elapsed in TRUNC: 4.511e-05
Propagating t with norm 1
Memory usage : 11819280 792592 
Sweep has been running for 0.320935 seconds.

Sweep 1, optimizing sites 5 and 6
JCD used 1 iterations.
Time elapsed in JCD: 0.00285032
Energy -1 -108.746453219165
Sum: 12 -> 10
Time elapsed in TRUNC: 9.991e-05
Propagating t with norm 1
Memory usage : 11819280 792592 
Sweep has been running for 0.325959 seconds.

Sweep 1, optimizing sites 4 and 5
JCD used 1 iterations.
Time elapsed in JCD: 0.0107392
Energy -1 -108.746453219165
Sum: 40 -> 35
Time elapsed in TRUNC: 0.000209111
Propagating t with norm 1
Memory usage : 11819280 792592 
Sweep has been running for 0.340469 seconds.

Sweep 1, optimizing sites 3 and 4
JCD used 2 iterations.
Time elapsed in JCD: 0.0299401
Energy -1 -108.746453216787
Sum: 74 -> 66
Time elapsed in TRUNC: 0.000442371
Propagating t with norm 1
Memory usage : 11819280 792592 
Sweep has been running for 0.379102 seconds.

Sweep 1, optimizing sites 2 and 3
JCD used 1 iterations.
Time elapsed in JCD: 0.00754251
Energy -1 -108.746453219165
Sum: 40 -> 35
Time elapsed in TRUNC: 0.00029033
Propagating t with norm 1
Memory usage : 11819280 792592 
Sweep has been running for 0.394503 seconds.

Sweep 1, optimizing sites 1 and 2
JCD used 1 iterations.
Time elapsed in JCD: 0.0031975
Energy -1 -108.746453219165
Sum: 12 -> 10
Time elapsed in TRUNC: 0.00017168
Propagating t with norm 1
Memory usage : 11819280 792592 
Sweep has been running for 0.403106 seconds.

Sweep 1, optimizing sites 0 and 1
JCD used 1 iterations.
Time elapsed in JCD: 0.00110177
Energy -1 -108.746453219165
Sum: 4 -> 3
Time elapsed in TRUNC: 8.262e-05
Propagating t with norm 1
Memory usage : 11819280 792592 
Sweep has been running for 0.407482 seconds.

Sweep 2, optimizing sites 0 and 1
JCD used 1 iterations.
Time elapsed in JCD: 0.00148442
Energy 1 -108.746453219165
Sum: 4 -> 3
Time elapsed in TRUNC: 9.6849e-05
Propagating t with norm 1
Memory usage : 11819280 793148 
Sweep has been running for 0.00307623 seconds.

Sweep 2, optimizing sites 1 and 2
JCD used 1 iterations.
Time elapsed in JCD: 0.00310921
Energy 1 -108.746453219165
Sum: 12 -> 10
Time elapsed in TRUNC: 9.881e-05
Propagating t with norm 1
Memory usage : 11819280 793148 
Sweep has been running for 0.00909827 seconds.

Sweep 2, optimizing sites 2 and 3
JCD used 1 iterations.
Time elapsed in JCD: 0.00897052
Energy 1 -108.746453219165
Sum: 40 -> 35
Time elapsed in TRUNC: 0.00032219
Propagating t with norm 1
Memory usage : 11819280 793148 
Sweep has been running for 0.0233915 seconds.

Sweep 2, optimizing sites 3 and 4
JCD used 1 iterations.
Time elapsed in JCD: 0.0149652
Energy 1 -108.746453219165
Sum: 74 -> 66
Time elapsed in TRUNC: 0.00025772
Propagating t with norm 1
Memory usage : 11819280 793148 
Sweep has been running for 0.047752 seconds.

Sweep 2, optimizing sites 4 and 5
JCD used 1 iterations.
Time elapsed in JCD: 0.0123199
Energy 1 -108.746453219165
Sum: 40 -> 35
Time elapsed in TRUNC: 0.00026807
Propagating t with norm 1
Memory usage : 11819280 793148 
Sweep has been running for 0.0697848 seconds.

Sweep 2, optimizing sites 5 and 6
JCD used 1 iterations.
Time elapsed in JCD: 0.00293577
Energy 1 -108.746453219165
Sum: 12 -> 10
Time elapsed in TRUNC: 0.000129711
Propagating t with norm 1
Memory usage : 11819280 793148 
Sweep has been running for 0.077657 seconds.

Sweep 2, optimizing sites 6 and 7
JCD used 1 iterations.
Time elapsed in JCD: 0.0010017
Energy 1 -108.746453219165
Sum: 4 -> 3
Time elapsed in TRUNC: 8.6601e-05
Propagating t with norm 1
Memory usage : 11819280 793148 
Sweep has been running for 0.0805347 seconds.

Sweep 2, optimizing sites 6 and 7
JCD used 1 iterations.
Time elapsed in JCD: 0.000987141
Energy -1 -108.746453219165
Sum: 4 -> 3
Time elapsed in TRUNC: 5.06e-05
Propagating t with norm 1
Memory usage : 11819280 793148 
Sweep has been running for 0.0837792 seconds.

Sweep 2, optimizing sites 5 and 6
JCD used 1 iterations.
Time elapsed in JCD: 0.00359488
Energy -1 -108.746453219165
Sum: 12 -> 10
Time elapsed in TRUNC: 0.00015097
Propagating t with norm 1
Memory usage : 11819280 793148 
Sweep has been running for 0.0908303 seconds.

Sweep 2, optimizing sites 4 and 5
JCD used 1 iterations.
Time elapsed in JCD: 0.011073
Energy -1 -108.746453219165
Sum: 40 -> 35
Time elapsed in TRUNC: 0.00027625
Propagating t with norm 1
Memory usage : 11819280 793148 
Sweep has been running for 0.109773 seconds.

Sweep 2, optimizing sites 3 and 4
JCD used 1 iterations.
Time elapsed in JCD: 0.0158202
Energy -1 -108.746453219165
Sum: 74 -> 66
Time elapsed in TRUNC: 0.00025785
Propagating t with norm 1
Memory usage : 11819280 793148 
Sweep has been running for 0.133236 seconds.

Sweep 2, optimizing sites 2 and 3
JCD used 1 iterations.
Time elapsed in JCD: 0.0086792
Energy -1 -108.746453219165
Sum: 40 -> 35
Time elapsed in TRUNC: 0.0002648
Propagating t with norm 1
Memory usage : 11819280 793148 
Sweep has been running for 0.150131 seconds.

Sweep 2, optimizing sites 1 and 2
JCD used 1 iterations.
Time elapsed in JCD: 0.00204674
Energy -1 -108.746453219165
Sum: 12 -> 10
Time elapsed in TRUNC: 8.697e-05
Propagating t with norm 1
Memory usage : 11819280 793148 
Sweep has been running for 0.154842 seconds.

Sweep 2, optimizing sites 0 and 1
JCD used 1 iterations.
Time elapsed in JCD: 0.00043308
Energy -1 -108.746453219165
Sum: 4 -> 3
Time elapsed in TRUNC: 3.623e-05
Propagating t with norm 1
Memory usage : 11819280 793148 
Sweep has been running for 0.156317 seconds.
Measuring oneptdm
 measuring in su2 version of tagged_nrank 
Right end: <5,5,0>
Measuring Nup
Measuring Ndown
Measuring Nupdown
Measuring oneptspdm
 measuring in 2u1 version of tagged_nrank 
Measuring dm_up
 measuring in 2u1 version of tagged_nrank 
Measuring dm_down
 measuring in 2u1 version of tagged_nrank 
Measuring nupnup
 measuring in 2u1 version of tagged_nrank 
Measuring nupndown
 measuring in 2u1 version of tagged_nrank 
Measuring ndownnup
 measuring in 2u1 version of tagged_nrank 
Measuring ndownndown
 measuring in 2u1 version of tagged_nrank 
Measuring doccdocc
 measuring in 2u1 version of tagged_nrank 
Measuring transfer_up_while_down
 measuring in 2u1 version of tagged_nrank 
Measuring transfer_down_while_up
 measuring in 2u1 version of tagged_nrank 
Measuring transfer_up_while_down_at_2
 measuring in 2u1 version of tagged_nrank 
Measuring transfer_up_while_down_at_1
 measuring in 2u1 version of tagged_nrank 
Measuring transfer_down_while_up_at_2
 measuring in 2u1 version of tagged_nrank 
Measuring transfer_down_while_up_at_1
 measuring in 2u1 version of tagged_nrank 
Measuring transfer_pair
 measuring in 2u1 version of tagged_nrank 
Measuring spinflip
 measuring in 2u1 version of tagged_nrank 
Measuring nupdocc
 measuring in 2u1 version of tagged_nrank 
Measuring ndowndocc
 measuring in 2u1 version of tagged_nrank 
Measuring doccnup
 measuring in 2u1 version of tagged_nrank 
Measuring doccndown
 measuring in 2u1 version of tagged_nrank 
Measuring splus_sminus
 measuring in 2u1 version of tagged_nrank 
