

******** <class 'pyscf.scf.hf.RHF'> ********
method = RHF
initial guess = minao
damping factor = 0
level_shift factor = 0
DIIS = <class 'pyscf.scf.diis.CDIIS'>
diis_start_cycle = 1
diis_space = 8
diis_damp = 0
SCF conv_tol = 1e-09
SCF conv_tol_grad = None
SCF max_cycles = 50
direct_scf = True
direct_scf_tol = 1e-13
chkfile to save SCF result = /tmp/tmpltd6jlbt
max_memory 4000 MB (current use 190 MB)
Set gradient conv threshold to 3.16228e-05
Initial guess from minao.
init E= -964.232860941139
  HOMO = -0.176640400735958  LUMO = -0.0311342023406251
cycle= 1 E= -957.338111140445  delta_E= 6.89  |g|= 1.08  |ddm|= 6.48
  HOMO = -0.287646452276987  LUMO = 0.0161494362073575
cycle= 2 E= -957.606750665416  delta_E= -0.269  |g|= 0.636  |ddm|= 1.77
  HOMO = -0.25072319580119  LUMO = 0.0648362904232108
cycle= 3 E= -957.684199414366  delta_E= -0.0774  |g|= 0.187  |ddm|= 0.721
  HOMO = -0.258033578538907  LUMO = 0.0596631248304293
cycle= 4 E= -957.693351567569  delta_E= -0.00915  |g|= 0.061  |ddm|= 0.346
  HOMO = -0.256689609252777  LUMO = 0.0634855238332625
cycle= 5 E= -957.69429888029  delta_E= -0.000947  |g|= 0.0128  |ddm|= 0.0835
  HOMO = -0.25765962804704  LUMO = 0.0626026421642342
cycle= 6 E= -957.694377379633  delta_E= -7.85e-05  |g|= 0.00613  |ddm|= 0.0256
  HOMO = -0.257516412129841  LUMO = 0.063245669470418
cycle= 7 E= -957.69440091357  delta_E= -2.35e-05  |g|= 0.00318  |ddm|= 0.0134
  HOMO = -0.257458419283399  LUMO = 0.0634563691734272
cycle= 8 E= -957.69440759821  delta_E= -6.68e-06  |g|= 0.0011  |ddm|= 0.00761
  HOMO = -0.257580804678489  LUMO = 0.063440762605448
cycle= 9 E= -957.69440869251  delta_E= -1.09e-06  |g|= 0.000442  |ddm|= 0.00321
  HOMO = -0.257560044191404  LUMO = 0.0634736246078355
cycle= 10 E= -957.694408836565  delta_E= -1.44e-07  |g|= 0.000239  |ddm|= 0.00114
  HOMO = -0.257569673753549  LUMO = 0.0634740035149748
cycle= 11 E= -957.694408878406  delta_E= -4.18e-08  |g|= 0.000105  |ddm|= 0.000533
  HOMO = -0.257572005579691  LUMO = 0.0634720683926783
cycle= 12 E= -957.694408894208  delta_E= -1.58e-08  |g|= 5.64e-05  |ddm|= 0.000361
  HOMO = -0.257573275478825  LUMO = 0.0634730618904324
cycle= 13 E= -957.694408899616  delta_E= -5.41e-09  |g|= 3.54e-05  |ddm|= 0.000245
  HOMO = -0.257573449197232  LUMO = 0.063472523799312
cycle= 14 E= -957.694408900981  delta_E= -1.36e-09  |g|= 1.22e-05  |ddm|= 0.000134
  HOMO = -0.257573103928305  LUMO = 0.0634734282840278
cycle= 15 E= -957.694408901166  delta_E= -1.85e-10  |g|= 6.73e-06  |ddm|= 5.02e-05
  HOMO = -0.257573662888724  LUMO = 0.0634725527781267
Extra cycle  E= -957.694408901182  delta_E= -1.55e-11  |g|= 5.4e-06  |ddm|= 1.76e-05
converged SCF energy = -957.694408901182

******** CASCI flags ********
CAS (2e+2e, 4o), ncore = 80, nvir = 282
natorb = False
canonicalization = True
sorting_mo_energy = False
max_memory 4000 (MB)
******** <class 'pyscf.fci.direct_spin1.FCISolver'> ********
max. cycles = 200
conv_tol = 1e-08
davidson only = False
linear dependence = 1e-12
level shift = 0.001
max iter space = 12
max_memory 4000 MB
nroots = 1
pspace_size = 400
spin = None
Density matrix diagonal elements [1.98333151 1.97035079 0.03267023 0.01364747]
CASCI converged
CASCI E = -957.704845874753  E(CI) = -2.29478317780206  S^2 = 0.0000000

******** <class 'pyscf.mcscf.mc1step.CASSCF'> ********
CAS (2e+2e, 4o), ncore = 80, nvir = 282
max_cycle_macro = 50
max_cycle_micro = 4
conv_tol = 1e-07
conv_tol_grad = None
orbital rotation max_stepsize = 0.02
orbital rotation threshold for CI restart = 0.01
augmented hessian ah_max_cycle = 30
augmented hessian ah_conv_tol = 1e-12
augmented hessian ah_linear dependence = 1e-14
augmented hessian ah_level shift = 1e-08
augmented hessian ah_start_tol = 2.5
augmented hessian ah_start_cycle = 3
augmented hessian ah_grad_trust_region = 3
kf_trust_region = 3
kf_interval = 4
ci_response_space = 4
ci_grad_trust_region = 3
with_dep4 0
natorb = False
canonicalization = True
sorting_mo_energy = False
ao2mo_level = 2
chkfile = /tmp/tmpltd6jlbt
max_memory 4000 MB (current use 1107 MB)
internal_rotation = False
******** <class 'pyscf.fci.direct_spin1.FCISolver'> ********
max. cycles = 50
conv_tol = 1e-08
davidson only = False
linear dependence = 1e-12
level shift = 0.001
max iter space = 12
max_memory 4000 MB
nroots = 1
pspace_size = 400
spin = None
CASCI E = -957.704845874753  S^2 = 0.0000000
Set conv_tol_grad to 0.000316228
macro iter   1 ( 21 JK    4 micro), CASSCF E = -957.728293192739  dE = -2.34473180e-02  S^2 = 0.0000000
               |grad[o]|=0.0164  |grad[c]|=0.0131  |ddm|=0.064  |maxRot[o]|=0.274
macro iter   2 ( 21 JK    4 micro), CASSCF E = -957.741260657145  dE = -1.29674644e-02  S^2 = 0.0000000
               |grad[o]|=0.0307  |grad[c]|=0.0241  |ddm|=0.0564  |maxRot[o]|=0.186
macro iter   3 ( 18 JK    4 micro), CASSCF E = -957.742786897636  dE = -1.52624049e-03  S^2 = 0.0000000
               |grad[o]|=0.0181  |grad[c]|=0.0063  |ddm|=0.0438  |maxRot[o]|=0.0644
macro iter   4 ( 17 JK    4 micro), CASSCF E = -957.742946049083  dE = -1.59151447e-04  S^2 = 0.0000000
               |grad[o]|=0.0039  |grad[c]|=0.000714  |ddm|=0.00769  |maxRot[o]|=0.0268
macro iter   5 ( 14 JK    3 micro), CASSCF E = -957.742949082513  dE = -3.03342915e-06  S^2 = 0.0000000
               |grad[o]|=0.000535  |grad[c]|=6.57e-05  |ddm|=0.00104  |maxRot[o]|=0.00386
macro iter   6 (  3 JK    1 micro), CASSCF E = -957.742949088580  dE = -6.06780759e-09  S^2 = 0.0000000
               |grad[o]|=3.35e-05  |grad[c]|=3.13e-05  |ddm|=0.000143  |maxRot[o]|=8.96e-05
1-step CASSCF converged in   6 macro ( 94 JK  20 micro) steps
CASSCF canonicalization
Density matrix diagonal elements [1.91479466 1.89028982 0.11576876 0.07914676]
CASSCF energy = -957.742949088580
CASCI E = -957.742949088580  E(CI) = -3.10557353596755  S^2 = 0.0000000
Natural occ [1.92188642 1.88918619 0.11101892 0.07790847]
Natural orbital (expansion on meta-Lowdin AOs) in CAS space
               #1        #2        #3        #4       
0 C 1s           0.00000   0.00000   0.00001  -0.00000
0 C 2s           0.00283  -0.00448  -0.00567   0.00084
0 C 3s           0.00016  -0.00024  -0.00018   0.00047
0 C 2px         -0.00487  -0.01089  -0.00120  -0.00524
0 C 2py          0.04695   0.03837  -0.03743   0.03967
0 C 2pz         -0.05873  -0.04661   0.04761  -0.04970
0 C 3px         -0.00093  -0.00123   0.00062  -0.00072
0 C 3py          0.00704   0.00553  -0.00509   0.00545
0 C 3pz         -0.00867  -0.00674   0.00645  -0.00645
0 C 3dxy        -0.00042   0.00349   0.00334   0.00065
0 C 3dyz         0.00009   0.00015   0.00016  -0.00012
0 C 3dz^2       -0.00012   0.00303   0.00287   0.00055
0 C 3dxz         0.00013  -0.00330  -0.00287  -0.00092
0 C 3dx2-y2     -0.00014   0.00056   0.00069  -0.00011
1 C 1s          -0.00001   0.00000  -0.00001   0.00000
1 C 2s          -0.00343   0.01138   0.01506  -0.00133
1 C 3s           0.00019   0.00045   0.00011   0.00055
1 C 2px         -0.00140  -0.00529  -0.00070  -0.00418
1 C 2py         -0.01813   0.06966   0.08389   0.00550
1 C 2pz          0.01603  -0.07337  -0.08023  -0.01072
1 C 3px          0.00057  -0.00265  -0.00370  -0.00061
1 C 3py         -0.00009   0.01107   0.00931   0.00322
1 C 3pz          0.00141  -0.01278  -0.01202  -0.00325
1 C 3dxy        -0.00266  -0.00244   0.00181  -0.00221
1 C 3dyz         0.00104   0.00103  -0.00072   0.00079
1 C 3dz^2        0.00214  -0.00031  -0.00373   0.00099
1 C 3dxz         0.00370   0.00362  -0.00191   0.00306
1 C 3dx2-y2      0.00274  -0.00115  -0.00474   0.00121
2 C 1s          -0.00002  -0.00000   0.00003  -0.00001
2 C 2s           0.02340  -0.00136  -0.01158   0.01479
2 C 3s          -0.00347   0.00492   0.00794  -0.00244
2 C 2px          0.03399   0.00283  -0.01998   0.02654
2 C 2py         -0.06030  -0.06551   0.04020  -0.05747
2 C 2pz          0.09144   0.10980  -0.06230   0.09045
2 C 3px         -0.00087   0.00323   0.00039   0.00087
2 C 3py         -0.01182  -0.00021   0.01954  -0.00951
2 C 3pz          0.01178   0.00159  -0.02157   0.01480
2 C 3dxy         0.00056  -0.00755  -0.01049  -0.00097
2 C 3dyz         0.00224  -0.00071  -0.00251   0.00251
2 C 3dz^2       -0.00174  -0.00266  -0.00811  -0.00055
2 C 3dxz        -0.00345   0.01494   0.02082   0.00103
2 C 3dx2-y2      0.00088   0.00137   0.00111   0.00328
3 C 1s          -0.00001   0.00002   0.00005  -0.00001
3 C 2s           0.02374  -0.01045  -0.02446  -0.00666
3 C 3s          -0.00452   0.00042   0.00779  -0.00348
3 C 2px          0.01433  -0.03467  -0.04376  -0.01054
3 C 2py          0.02673   0.11950   0.09736   0.02060
3 C 2pz          0.00737  -0.13036  -0.13044  -0.02969
3 C 3px         -0.00252   0.00009   0.00003   0.00287
3 C 3py         -0.00897   0.00728   0.02581  -0.00790
3 C 3pz          0.01028  -0.00905  -0.02806   0.00964
3 C 3dxy         0.00566   0.00281  -0.00306   0.00224
3 C 3dyz         0.00286  -0.00157  -0.00337  -0.00126
3 C 3dz^2       -0.00755  -0.00604   0.01081  -0.01069
3 C 3dxz        -0.00808  -0.00622   0.00596  -0.00885
3 C 3dx2-y2     -0.00743  -0.00614   0.00844  -0.01044
4 C 1s           0.00000   0.00001  -0.00001   0.00000
4 C 2s          -0.00994  -0.00464   0.01116  -0.00740
4 C 3s           0.00091  -0.00024   0.00011  -0.00161
4 C 2px         -0.00110   0.00525   0.00969  -0.00022
4 C 2py         -0.05438  -0.03448   0.04048  -0.04311
4 C 2pz          0.07089   0.04565  -0.05279   0.05633
4 C 3px          0.00245   0.00091  -0.00158   0.00078
4 C 3py         -0.00805  -0.00664   0.00324  -0.00576
4 C 3pz          0.01161   0.00989  -0.00525   0.00815
4 C 3dxy        -0.00042   0.00430   0.00444   0.00045
4 C 3dyz        -0.00011  -0.00127  -0.00133   0.00045
4 C 3dz^2       -0.00147  -0.00233   0.00045  -0.00230
4 C 3dxz         0.00313  -0.00403  -0.00756   0.00070
4 C 3dx2-y2     -0.00072  -0.00243  -0.00098  -0.00093
5 C 1s          -0.00000  -0.00001   0.00000  -0.00000
5 C 2s           0.00572   0.00158  -0.00485   0.00238
5 C 3s           0.00058   0.00045  -0.00028  -0.00007
5 C 2px          0.00225   0.01006   0.00640   0.00332
5 C 2py          0.01261  -0.05961  -0.07284  -0.00780
5 C 2pz         -0.00802   0.07964   0.08546   0.01373
5 C 3px          0.00016   0.00160   0.00135   0.00030
5 C 3py          0.00205  -0.00889  -0.00984  -0.00093
5 C 3pz         -0.00183   0.01171   0.01225   0.00109
5 C 3dxy        -0.00036  -0.00013   0.00007  -0.00031
5 C 3dyz         0.00116   0.00090  -0.00067   0.00120
5 C 3dz^2        0.00330   0.00317  -0.00199   0.00278
5 C 3dxz         0.00102   0.00106  -0.00030   0.00114
5 C 3dx2-y2      0.00158   0.00179  -0.00065   0.00184
6 C 1s           0.00016   0.00066   0.00008  -0.00005
6 C 2s           0.01821   0.09031   0.13063   0.00984
6 C 3s          -0.00698   0.01621   0.02308  -0.00990
6 C 2px         -0.00173   0.15253   0.16769   0.00575
6 C 2py          0.00287  -0.19333  -0.20808  -0.00472
6 C 2pz         -0.01583   0.50870   0.55667   0.02064
6 C 3px          0.00332   0.01140   0.01084   0.00013
6 C 3py         -0.00518  -0.01263  -0.01304  -0.00260
6 C 3pz          0.00215   0.03081   0.02597   0.00405
6 C 3dxy         0.00427   0.00325  -0.00036   0.00481
6 C 3dyz         0.00525  -0.00256  -0.00918   0.00827
6 C 3dz^2       -0.00730   0.01218   0.01443  -0.00665
6 C 3dxz        -0.00470   0.00321   0.00772  -0.00613
6 C 3dx2-y2      0.00149   0.00277   0.00122   0.00159
7 C 1s          -0.00070  -0.00086   0.00010   0.00007
7 C 2s          -0.08766  -0.11459   0.10760  -0.14286
7 C 3s          -0.01371  -0.00646   0.01982   0.00069
7 C 2px         -0.18257  -0.16817   0.16220  -0.18471
7 C 2py          0.29198   0.26993  -0.26029   0.30169
7 C 2pz         -0.27918  -0.26701   0.25423  -0.29534
7 C 3px         -0.00767  -0.00813   0.00046   0.00294
7 C 3py          0.01219   0.01464  -0.00371  -0.00419
7 C 3pz         -0.00477  -0.02096   0.00216  -0.01201
7 C 3dxy         0.00954  -0.00065  -0.01172  -0.00145
7 C 3dyz         0.01188   0.00184  -0.02094   0.00298
7 C 3dz^2        0.00285   0.00706   0.00449   0.00365
7 C 3dxz        -0.00601   0.00056   0.01151  -0.00065
7 C 3dx2-y2      0.00592   0.00033  -0.00723  -0.00013
8 C 1s          -0.00001   0.00002   0.00004  -0.00002
8 C 2s           0.02011  -0.01415  -0.02464  -0.00305
8 C 3s          -0.00420  -0.00022   0.00930  -0.00193
8 C 2px         -0.02082  -0.09919  -0.08239  -0.01222
8 C 2py         -0.00396   0.08457   0.08662   0.01182
8 C 2pz          0.01457  -0.12253  -0.12777  -0.01874
8 C 3px          0.01030  -0.00760  -0.02388   0.00854
8 C 3py         -0.00303   0.00286   0.01185  -0.00670
8 C 3pz          0.00905  -0.00903  -0.02549   0.01109
8 C 3dxy        -0.00226  -0.00296   0.00456  -0.00676
8 C 3dyz         0.00773   0.00407  -0.00645   0.00691
8 C 3dz^2       -0.00749  -0.00617   0.01037  -0.01082
8 C 3dxz        -0.00012   0.00357   0.00291   0.00389
8 C 3dx2-y2      0.00801   0.00513  -0.00615   0.00760
9 C 1s          -0.00001   0.00000   0.00004  -0.00001
9 C 2s           0.02247  -0.00577  -0.00882   0.01578
9 C 3s          -0.00297   0.00372   0.01022  -0.00107
9 C 2px          0.04745   0.06534  -0.03513   0.05267
9 C 2py         -0.05774  -0.02519   0.03422  -0.05130
9 C 2pz          0.08701   0.09813  -0.06044   0.09333
9 C 3px          0.01285  -0.00400  -0.01758   0.01164
9 C 3py         -0.00428  -0.00214   0.00787  -0.00514
9 C 3pz          0.01026   0.00075  -0.01923   0.01407
9 C 3dxy         0.00156  -0.00520  -0.00815   0.00179
9 C 3dyz         0.00343  -0.01434  -0.02041  -0.00048
9 C 3dz^2       -0.00132  -0.00035  -0.00510   0.00027
9 C 3dxz        -0.00050  -0.00599  -0.00631  -0.00212
9 C 3dx2-y2     -0.00033  -0.00708  -0.00910  -0.00268
10 C 1s         -0.00001  -0.00000  -0.00001   0.00000
10 C 2s         -0.00296   0.01143   0.01447  -0.00091
10 C 3s          0.00165  -0.00100   0.00213   0.00156
10 C 2px         0.01668  -0.07076  -0.08341  -0.00155
10 C 2py        -0.00608   0.03722   0.03862   0.00405
10 C 2pz         0.01229  -0.07246  -0.07598  -0.00742
10 C 3px         0.00070  -0.01134  -0.00780  -0.00219
10 C 3py        -0.00130   0.00872   0.00597   0.00078
10 C 3pz         0.00272  -0.01460  -0.00955  -0.00178
10 C 3dxy        0.00015  -0.00263  -0.00301  -0.00064
10 C 3dyz       -0.00295  -0.00208   0.00132  -0.00265
10 C 3dz^2       0.00262  -0.00015  -0.00384   0.00176
10 C 3dxz       -0.00144  -0.00236   0.00101  -0.00142
10 C 3dx2-y2    -0.00377  -0.00123   0.00430  -0.00283
11 H 1s         -0.00100   0.00706   0.00394   0.00074
11 H 2s          0.00031   0.00072   0.00126   0.00049
12 C 1s          0.00000   0.00000   0.00001  -0.00000
12 C 2s          0.00307  -0.00449  -0.00578   0.00122
12 C 3s          0.00074  -0.00073  -0.00004   0.00081
12 C 2px        -0.04563  -0.03026   0.03640  -0.04153
12 C 2py         0.02529   0.02530  -0.01399   0.02460
12 C 2pz        -0.05402  -0.03888   0.04077  -0.04991
12 C 3px        -0.00653  -0.00425   0.00458  -0.00548
12 C 3py         0.00355   0.00357  -0.00316   0.00302
12 C 3pz        -0.00748  -0.00600   0.00567  -0.00634
12 C 3dxy       -0.00035   0.00291   0.00281   0.00021
12 C 3dyz        0.00002   0.00286   0.00270   0.00074
12 C 3dz^2       0.00001   0.00263   0.00267   0.00037
12 C 3dxz        0.00010   0.00151   0.00155   0.00070
12 C 3dx2-y2    -0.00012   0.00262   0.00262   0.00069
13 C 1s         -0.00000  -0.00001   0.00001  -0.00000
13 C 2s          0.00544   0.00105  -0.00462   0.00262
13 C 3s          0.00050  -0.00033  -0.00057  -0.00005
13 C 2px        -0.01289   0.05877   0.07250   0.00140
13 C 2py         0.00397  -0.03677  -0.04045  -0.00327
13 C 2pz        -0.00697   0.07554   0.08057   0.00697
13 C 3px        -0.00165   0.00831   0.00935   0.00008
13 C 3py         0.00059  -0.00487  -0.00569  -0.00016
13 C 3pz        -0.00153   0.01041   0.01146   0.00033
13 C 3dxy        0.00107   0.00130  -0.00041   0.00119
13 C 3dyz       -0.00039  -0.00049  -0.00002  -0.00039
13 C 3dz^2       0.00346   0.00295  -0.00188   0.00301
13 C 3dxz       -0.00074  -0.00074   0.00015  -0.00080
13 C 3dx2-y2    -0.00127  -0.00116   0.00038  -0.00126
14 C 1s         -0.00000   0.00000  -0.00001   0.00000
14 C 2s         -0.00979  -0.00383   0.01140  -0.00778
14 C 3s         -0.00008  -0.00058   0.00038  -0.00082
14 C 2px         0.05423   0.03086  -0.04207   0.04676
14 C 2py        -0.02153  -0.01795   0.00666  -0.01866
14 C 2pz         0.06302   0.04083  -0.04406   0.05559
14 C 3px         0.00654   0.00607  -0.00206   0.00547
14 C 3py        -0.00534  -0.00314   0.00231  -0.00388
14 C 3pz         0.00922   0.00882  -0.00383   0.00860
14 C 3dxy       -0.00108   0.00091   0.00222  -0.00077
14 C 3dyz       -0.00250   0.00318   0.00573  -0.00090
14 C 3dz^2      -0.00125  -0.00269  -0.00069  -0.00173
14 C 3dxz       -0.00181   0.00196   0.00422  -0.00117
14 C 3dx2-y2    -0.00019   0.00506   0.00475   0.00045
15 H 1s         -0.00128   0.00341   0.00474  -0.00074
15 H 2s         -0.00028   0.00080   0.00076   0.00002
16 H 1s         -0.00076   0.00699   0.00388   0.00076
16 H 2s          0.00030   0.00112   0.00088   0.00038
17 H 1s         -0.00623  -0.00584   0.00165  -0.00268
17 H 2s         -0.00015  -0.00109   0.00040  -0.00161
18 H 1s         -0.00346  -0.00135   0.00395  -0.00176
18 H 2s         -0.00072  -0.00031   0.00037  -0.00028
19 H 1s         -0.00156   0.00311   0.00468  -0.00103
19 H 2s         -0.00017   0.00069   0.00061   0.00011
20 H 1s         -0.00334  -0.00125   0.00419  -0.00225
20 H 2s         -0.00075  -0.00042   0.00035  -0.00037
21 H 1s         -0.00565  -0.00585   0.00133  -0.00304
21 H 2s         -0.00056  -0.00157   0.00005  -0.00138
22 C 1s         -0.00187   0.00018   0.00005   0.00001
22 C 2s         -0.17808   0.00194  -0.00539   0.20303
22 C 3s         -0.01306  -0.00567   0.00952   0.01101
22 C 2px         0.28266   0.03486  -0.00077  -0.30291
22 C 2py        -0.36322  -0.03193  -0.00437   0.38431
22 C 2pz         0.45363   0.05387  -0.00859  -0.47771
22 C 3px         0.01302   0.00434  -0.00830  -0.00254
22 C 3py        -0.01607  -0.00629   0.01404   0.00365
22 C 3pz         0.01944   0.00698  -0.01127  -0.01491
22 C 3dxy       -0.00114   0.01010  -0.01342  -0.00812
22 C 3dyz        0.00379   0.01072  -0.01043  -0.01919
22 C 3dz^2      -0.01372   0.00897  -0.01204   0.01830
22 C 3dxz       -0.00152  -0.00682   0.00640   0.01466
22 C 3dx2-y2     0.00106   0.00487  -0.00599  -0.00273
23 C 1s         -0.00105   0.00055  -0.00000   0.00000
23 C 2s         -0.09292   0.09051  -0.10032  -0.09982
23 C 3s         -0.00432   0.01369   0.00839  -0.00632
23 C 2px         0.11086  -0.11856   0.10389   0.09532
23 C 2py        -0.18507   0.21354  -0.18652  -0.17197
23 C 2pz         0.43905  -0.44511   0.42708   0.34440
23 C 3px         0.00261  -0.00540  -0.00162  -0.00231
23 C 3py        -0.00694   0.01210  -0.00065   0.00090
23 C 3pz         0.01902  -0.03979  -0.01792   0.01262
23 C 3dxy        0.00686   0.00038   0.00202  -0.00766
23 C 3dyz        0.00540  -0.00251   0.00780   0.00060
23 C 3dz^2       0.01310   0.00975   0.00584  -0.02995
23 C 3dxz        0.00276  -0.00265   0.00588   0.00816
23 C 3dx2-y2     0.00358  -0.00177   0.00404   0.00092
24 C 1s          0.00002  -0.00005   0.00000   0.00002
24 C 2s         -0.00782  -0.02080  -0.00039   0.03253
24 C 3s          0.00364   0.00293   0.00048  -0.00084
24 C 2px         0.02185   0.01510   0.00007  -0.03385
24 C 2py        -0.01932   0.04660  -0.01476  -0.03054
24 C 2pz         0.08183  -0.11266   0.03021   0.05794
24 C 3px         0.00039  -0.00587  -0.00510   0.00375
24 C 3py         0.00674  -0.00331   0.00752   0.00283
24 C 3pz        -0.00491   0.00314  -0.01783  -0.00981
24 C 3dxy        0.00285  -0.00786   0.00526   0.00874
24 C 3dyz       -0.00284   0.00370  -0.00288  -0.00456
24 C 3dz^2       0.00250   0.00218   0.00221  -0.00207
24 C 3dxz       -0.01514   0.01716  -0.01647  -0.01452
24 C 3dx2-y2    -0.00249   0.00052  -0.00322   0.00193
25 O 1s         -0.00001   0.00000   0.00002  -0.00000
25 O 2s         -0.00538  -0.00133   0.00399   0.00246
25 O 3s         -0.00059  -0.00166  -0.00154   0.00246
25 O 2px        -0.00537   0.00641  -0.01578   0.00308
25 O 2py         0.03517  -0.03544   0.03731   0.01799
25 O 2pz        -0.08394   0.10224  -0.07440  -0.06104
25 O 3px        -0.00157  -0.00038   0.00096   0.00082
25 O 3py         0.00483  -0.00440   0.00163   0.00139
25 O 3pz        -0.00999   0.01590  -0.00385  -0.00802
25 O 3dxy       -0.00096   0.00014   0.00050  -0.00124
25 O 3dyz        0.00273  -0.00326   0.00447   0.00305
25 O 3dz^2       0.00291  -0.00308   0.00190   0.00234
25 O 3dxz        0.00069  -0.00148   0.00230   0.00219
25 O 3dx2-y2     0.00173  -0.00193   0.00241   0.00132
26 C 1s          0.00001  -0.00001   0.00003   0.00001
26 C 2s          0.00464  -0.01496  -0.01086   0.00413
26 C 3s         -0.00073   0.00227   0.00117   0.00019
26 C 2px        -0.00609   0.01265   0.00398  -0.00365
26 C 2py         0.00736  -0.02107  -0.01176   0.00454
26 C 2pz         0.00394  -0.01088  -0.02120   0.00451
26 C 3px         0.00047   0.00038  -0.00032   0.00072
26 C 3py        -0.00172   0.00038   0.00145  -0.00092
26 C 3pz        -0.00110   0.00270   0.00162  -0.00051
26 C 3dxy        0.00048   0.00497   0.00573   0.00062
26 C 3dyz        0.00159   0.00311   0.00393   0.00194
26 C 3dz^2      -0.00028   0.01071   0.01336   0.00082
26 C 3dxz       -0.00105  -0.00057  -0.00080  -0.00130
26 C 3dx2-y2    -0.00019   0.00247   0.00245   0.00009
27 H 1s         -0.00124  -0.03366  -0.04416  -0.00255
27 H 2s         -0.00070  -0.00179  -0.00176  -0.00071
28 H 1s         -0.00559   0.08721   0.10451   0.00095
28 H 2s         -0.00199   0.01286   0.01402   0.00020
29 H 1s          0.00108  -0.03489  -0.04123  -0.00125
29 H 2s          0.00190  -0.00367  -0.00057   0.00037
30 C 1s          0.00002   0.00001   0.00001  -0.00003
30 C 2s          0.01405   0.00790  -0.01408   0.00445
30 C 3s         -0.00111  -0.00062  -0.00013   0.00010
30 C 2px         0.01243   0.00146  -0.01406   0.00295
30 C 2py        -0.01548  -0.00903   0.02581  -0.01134
30 C 2pz        -0.02174  -0.01083   0.01133  -0.00143
30 C 3px         0.00174   0.00030  -0.00192   0.00163
30 C 3py        -0.00129  -0.00213   0.00169  -0.00141
30 C 3pz         0.00302  -0.00094  -0.00451  -0.00010
30 C 3dxy        0.00387   0.00402  -0.00346   0.00507
30 C 3dyz        0.00314   0.00136  -0.00390   0.00213
30 C 3dz^2       0.00563   0.00824  -0.00486   0.00939
30 C 3dxz       -0.00104  -0.00037   0.00167  -0.00064
30 C 3dx2-y2     0.00181   0.00276  -0.00213   0.00328
31 H 1s          0.02703   0.02976  -0.02720   0.03289
31 H 2s          0.00237   0.00317  -0.00080   0.00182
32 H 1s         -0.06179  -0.05742   0.06438  -0.06638
32 H 2s         -0.01017  -0.00754   0.00895  -0.00905
33 H 1s          0.02153   0.01972  -0.01937   0.02262
33 H 2s          0.00318   0.00079  -0.00110   0.00050
34 O 1s          0.00000   0.00001   0.00000  -0.00001
34 O 2s          0.00343   0.01073  -0.00137  -0.01390
34 O 3s          0.00070   0.00169  -0.00068  -0.00246
34 O 2px        -0.00311  -0.00239   0.00221   0.01007
34 O 2py         0.01565  -0.01619   0.01043   0.00532
34 O 2pz        -0.04302   0.05752  -0.03563  -0.04574
34 O 3px         0.00113  -0.00024   0.00170   0.00072
34 O 3py         0.00192  -0.00256   0.00246   0.00252
34 O 3pz        -0.00568   0.00670  -0.00404  -0.00500
34 O 3dxy        0.00067  -0.00058  -0.00010   0.00013
34 O 3dyz       -0.00140   0.00133  -0.00225  -0.00202
34 O 3dz^2      -0.00004   0.00081  -0.00203  -0.00152
34 O 3dxz       -0.00217   0.00407  -0.00007  -0.00158
34 O 3dx2-y2    -0.00163  -0.00011  -0.00069   0.00068
35 C 1s          0.00000   0.00001  -0.00000  -0.00001
35 C 2s         -0.00218  -0.00268   0.00133   0.00487
35 C 3s          0.00012   0.00004  -0.00044   0.00040
35 C 2px         0.00409   0.00988   0.00117  -0.01271
35 C 2py        -0.00107   0.00114  -0.00103   0.00094
35 C 2pz         0.00176  -0.00215   0.00517   0.00384
35 C 3px        -0.00044   0.00239   0.00175  -0.00014
35 C 3py         0.00067  -0.00128  -0.00016   0.00190
35 C 3pz        -0.00211   0.00357   0.00037  -0.00083
35 C 3dxy       -0.00091   0.00113  -0.00010  -0.00026
35 C 3dyz        0.00006  -0.00025  -0.00037   0.00004
35 C 3dz^2       0.00001   0.00002  -0.00019  -0.00047
35 C 3dxz        0.00241  -0.00369   0.00111   0.00200
35 C 3dx2-y2    -0.00010  -0.00019   0.00018   0.00047
36 H 1s          0.00076   0.00176  -0.00238  -0.00380
36 H 2s          0.00026   0.00021  -0.00036  -0.00022
37 H 1s         -0.00578   0.00619  -0.00527  -0.00658
37 H 2s          0.00171  -0.00441   0.00003   0.00107
38 H 1s          0.00690  -0.00983   0.00373   0.00641
38 H 2s         -0.00130   0.00140  -0.00227  -0.00082
39 H 1s         -0.01391  -0.03741  -0.01800   0.03687
39 H 2s          0.00222  -0.00203  -0.00345  -0.00124
40 H 1s          0.01367   0.05470  -0.05119  -0.02345
40 H 2s          0.00446   0.00341  -0.00225   0.00270
41 C 1s          0.00003   0.00001  -0.00000   0.00001
41 C 2s         -0.00344   0.02704  -0.01561  -0.02016
41 C 3s         -0.00166  -0.00088  -0.00142  -0.00087
41 C 2px         0.01037   0.03775  -0.04293  -0.01613
41 C 2py        -0.00133   0.01372  -0.01617  -0.02401
41 C 2pz        -0.00521  -0.01449   0.01392   0.04396
41 C 3px        -0.00228   0.00007  -0.00319   0.00943
41 C 3py         0.00234   0.00283   0.00019  -0.00221
41 C 3pz        -0.00735   0.00402   0.00171   0.01105
41 C 3dxy       -0.00381   0.00382  -0.00199   0.00061
41 C 3dyz        0.00693   0.00043   0.00117  -0.00629
41 C 3dz^2      -0.00637  -0.00129  -0.00002   0.00660
41 C 3dxz        0.00060  -0.00025   0.00041   0.00169
41 C 3dx2-y2     0.00750   0.00211  -0.00189  -0.00678
42 H 1s          0.04536  -0.00803   0.00739  -0.03076
42 H 2s          0.00542  -0.00033  -0.00148  -0.00099
43 H 1s          0.02813   0.01187  -0.00451  -0.02968
43 H 2s          0.00460   0.00077  -0.00329   0.00218
44 H 1s         -0.07381  -0.01973   0.00014   0.09192
44 H 2s         -0.00680  -0.00624   0.00004   0.00642
<CAS-nat-orb|mo-hf>  81     77       0.44989578
<CAS-nat-orb|mo-hf>  81     81       0.72373071
<CAS-nat-orb|mo-hf>  82     78       0.43908692
<CAS-nat-orb|mo-hf>  82     82       0.81064133
<CAS-nat-orb|mo-hf>  83     83       0.84916807
<CAS-nat-orb|mo-hf>  84     84       0.62867710
Sr    (-1)',   E = -0.00566152710913
Si    (+1)',   E = -0.00242838949525
Sijrs (0)  ,   E = -2.74107255457242
Sijr  (+1) ,   E = -0.06537218427234
Srsi  (-1) ,   E = -0.15857591805235
Srs   (-2) ,   E = -0.00934014989986
Sij   (+2) ,   E = -0.00207980204060
Sir   (0)' ,   E = -0.08545996457605
Nevpt2 Energy = -3.069990490018001
