

******** <class 'pyscf.scf.hf.RHF'> ********
method = RHF
initial guess = minao
damping factor = 0
level_shift factor = 0
DIIS = <class 'pyscf.scf.diis.CDIIS'>
diis_start_cycle = 1
diis_space = 8
diis_damp = 0
SCF conv_tol = 1e-09
SCF conv_tol_grad = None
SCF max_cycles = 50
direct_scf = True
direct_scf_tol = 1e-13
chkfile to save SCF result = /tmp/tmpn5l7naau
max_memory 4000 MB (current use 85 MB)
Set gradient conv threshold to 3.16228e-05
Initial guess from minao.
init E= -110.008695884676
  HOMO = -0.605693678751623  LUMO = 0.290308681226313
cycle= 1 E= -106.214287889048  delta_E= 3.79  |g|= 0.795  |ddm|= 2.02
  HOMO = -0.514275155455333  LUMO = 0.426196643638809
cycle= 2 E= -106.277044008397  delta_E= -0.0628  |g|= 0.248  |ddm|= 0.691
  HOMO = -0.584034684527399  LUMO = 0.401689626550314
cycle= 3 E= -106.285305218772  delta_E= -0.00826  |g|= 0.0328  |ddm|= 0.111
  HOMO = -0.579321525603854  LUMO = 0.402627769831383
cycle= 4 E= -106.285536440597  delta_E= -0.000231  |g|= 0.00343  |ddm|= 0.104
  HOMO = -0.57944262722471  LUMO = 0.402199818058349
cycle= 5 E= -106.285541329484  delta_E= -4.89e-06  |g|= 0.000401  |ddm|= 0.037
  HOMO = -0.579495156067606  LUMO = 0.402184828248328
cycle= 6 E= -106.285541388368  delta_E= -5.89e-08  |g|= 4.18e-05  |ddm|= 0.00496
  HOMO = -0.579499487109218  LUMO = 0.402182646432407
cycle= 7 E= -106.285541388958  delta_E= -5.9e-10  |g|= 4.23e-06  |ddm|= 0.000128
  HOMO = -0.579499122260871  LUMO = 0.402183283250842
Extra cycle  E= -106.285541388964  delta_E= -6.17e-12  |g|= 1.12e-06  |ddm|= 5.97e-05
converged SCF energy = -106.285541388964

******** <class 'pyscf.cc.ccsd.CCSD'> ********
CC2 = 0
CCSD nocc = 7, nmo = 60
max_cycle = 50
direct = 0
conv_tol = 1e-07
conv_tol_normt = 1e-05
diis_space = 6
diis_start_cycle = 0
diis_start_energy_diff = 1e+09
max_memory 4000 MB (current use 107 MB)
Init t2, MP2 energy = -106.615234407383  E_corr(MP2) -0.329693018418676
Init E_corr(CCSD) = -0.329693018418997
cycle = 1  E_corr(CCSD) = -0.337957475666506  dE = -0.00826445725  norm(t1,t2) = 0.0200017
cycle = 2  E_corr(CCSD) = -0.341517018041338  dE = -0.00355954237  norm(t1,t2) = 0.00532318
cycle = 3  E_corr(CCSD) = -0.342234104078776  dE = -0.000717086037  norm(t1,t2) = 0.00161014
cycle = 4  E_corr(CCSD) = -0.342308119816892  dE = -7.40157381e-05  norm(t1,t2) = 0.000264009
cycle = 5  E_corr(CCSD) = -0.342295621881428  dE = 1.24979355e-05  norm(t1,t2) = 7.54759e-05
cycle = 6  E_corr(CCSD) = -0.342293715060103  dE = 1.90682132e-06  norm(t1,t2) = 1.12112e-05
cycle = 7  E_corr(CCSD) = -0.342294599821447  dE = -8.84761344e-07  norm(t1,t2) = 2.90712e-06
cycle = 8  E_corr(CCSD) = -0.342294556409829  dE = 4.3411618e-08  norm(t1,t2) = 3.84644e-07
CCSD converged
E(CCSD) = -106.6278359453738  E_corr = -0.3422945564098287

******** <class 'pyscf.ci.cisd.RCISD'> ********
CISD nocc = 7, nmo = 60
max_cycle = 50
direct = 0
conv_tol = 1e-09
max_cycle = 50
max_space = 12
lindep = 0
nroots = 1
max_memory 4000 MB (current use 182 MB)
Init t2, MP2 energy = -0.329693018418676
RCISD converged
E(RCISD) = -106.6136478175945  E_corr = -0.3281064286304884

******** <class 'pyscf.mp.mp2.MP2'> ********
nocc = 7, nmo = 60
max_memory 4000 MB (current use 182 MB)
E(MP2) = -106.615234415762  E_corr = -0.329693026797986
E(SCS-MP2) = -106.610209888308  E_corr = -0.324668499344196
E_corr(same-spin) = -0.0818805378616015
E_corr(oppo-spin) = -0.247812488936385


******** <class 'pyscf.scf.hf.RHF'> ********
method = RHF
initial guess = minao
damping factor = 0
level_shift factor = 0
DIIS = <class 'pyscf.scf.diis.CDIIS'>
diis_start_cycle = 1
diis_space = 8
diis_damp = 0
SCF conv_tol = 1e-09
SCF conv_tol_grad = None
SCF max_cycles = 50
direct_scf = True
direct_scf_tol = 1e-13
chkfile to save SCF result = /tmp/tmp51e8w3w5
max_memory 4000 MB (current use 182 MB)
Set gradient conv threshold to 3.16228e-05
Initial guess from minao.
init E= -110.124682211419
  HOMO = -0.494883464078096  LUMO = 0.193382192085514
cycle= 1 E= -108.489114554094  delta_E= 1.64  |g|= 0.269  |ddm|= 1.57
  HOMO = -0.638202854687879  LUMO = 0.326393081261735
cycle= 2 E= -108.49839373264  delta_E= -0.00928  |g|= 0.0461  |ddm|= 0.129
  HOMO = -0.659806085485508  LUMO = 0.31675992126228
cycle= 3 E= -108.498820045257  delta_E= -0.000426  |g|= 0.014  |ddm|= 0.027
  HOMO = -0.655814489093309  LUMO = 0.319293292901844
cycle= 4 E= -108.498849098415  delta_E= -2.91e-05  |g|= 0.00093  |ddm|= 0.0123
  HOMO = -0.656086147845461  LUMO = 0.319097322186052
cycle= 5 E= -108.498849435997  delta_E= -3.38e-07  |g|= 0.000127  |ddm|= 0.00501
  HOMO = -0.65607669719706  LUMO = 0.319090753467748
cycle= 6 E= -108.498849442574  delta_E= -6.58e-09  |g|= 1.49e-05  |ddm|= 0.001
  HOMO = -0.656071944522612  LUMO = 0.319091141757237
cycle= 7 E= -108.498849442673  delta_E= -9.98e-11  |g|= 2e-06  |ddm|= 4.51e-05
  HOMO = -0.656071997765345  LUMO = 0.319090976977818
Extra cycle  E= -108.498849442675  delta_E= -1.25e-12  |g|= 6.08e-07  |ddm|= 2.8e-06
converged SCF energy = -108.498849442675

******** <class 'pyscf.cc.ccsd.CCSD'> ********
CC2 = 0
CCSD nocc = 7, nmo = 60
max_cycle = 50
direct = 0
conv_tol = 1e-07
conv_tol_normt = 1e-05
diis_space = 6
diis_start_cycle = 0
diis_start_energy_diff = 1e+09
max_memory 4000 MB (current use 182 MB)
Init t2, MP2 energy = -108.84426374961  E_corr(MP2) -0.345414306935284
Init E_corr(CCSD) = -0.345414306935396
cycle = 1  E_corr(CCSD) = -0.350504046396774  dE = -0.00508973946  norm(t1,t2) = 0.0251262
cycle = 2  E_corr(CCSD) = -0.355767411859847  dE = -0.00526336546  norm(t1,t2) = 0.0076117
cycle = 3  E_corr(CCSD) = -0.356518401796862  dE = -0.000750989937  norm(t1,t2) = 0.00247741
cycle = 4  E_corr(CCSD) = -0.356779063380486  dE = -0.000260661584  norm(t1,t2) = 0.000556657
cycle = 5  E_corr(CCSD) = -0.356754132610349  dE = 2.49307701e-05  norm(t1,t2) = 0.000122766
cycle = 6  E_corr(CCSD) = -0.356751938302948  dE = 2.1943074e-06  norm(t1,t2) = 1.6093e-05
cycle = 7  E_corr(CCSD) = -0.356753497770729  dE = -1.55946778e-06  norm(t1,t2) = 3.94398e-06
cycle = 8  E_corr(CCSD) = -0.356753427466483  dE = 7.03042458e-08  norm(t1,t2) = 6.35931e-07
CCSD converged
E(CCSD) = -108.8556028701411  E_corr = -0.3567534274664834

******** <class 'pyscf.ci.cisd.RCISD'> ********
CISD nocc = 7, nmo = 60
max_cycle = 50
direct = 0
conv_tol = 1e-09
max_cycle = 50
max_space = 12
lindep = 0
nroots = 1
max_memory 4000 MB (current use 197 MB)
Init t2, MP2 energy = -0.345414306935284
RCISD converged
E(RCISD) = -108.8377314758801  E_corr = -0.3388820332054783

******** <class 'pyscf.mp.mp2.MP2'> ********
nocc = 7, nmo = 60
max_memory 4000 MB (current use 197 MB)
E(MP2) = -108.844263749404  E_corr = -0.345414306728986
E(SCS-MP2) = -108.839436703125  E_corr = -0.340587260450186
E_corr(same-spin) = -0.0852806626437661
E_corr(oppo-spin) = -0.26013364408522


******** <class 'pyscf.scf.hf.RHF'> ********
method = RHF
initial guess = minao
damping factor = 0
level_shift factor = 0
DIIS = <class 'pyscf.scf.diis.CDIIS'>
diis_start_cycle = 1
diis_space = 8
diis_damp = 0
SCF conv_tol = 1e-09
SCF conv_tol_grad = None
SCF max_cycles = 50
direct_scf = True
direct_scf_tol = 1e-13
chkfile to save SCF result = /tmp/tmp749twr8a
max_memory 4000 MB (current use 184 MB)
Set gradient conv threshold to 3.16228e-05
Initial guess from minao.
init E= -109.372344307318
  HOMO = -0.410032418488985  LUMO = 0.101855560827041
cycle= 1 E= -108.954513271837  delta_E= 0.418  |g|= 0.238  |ddm|= 1.38
  HOMO = -0.660620785486178  LUMO = 0.187221122866957
cycle= 2 E= -108.967135237935  delta_E= -0.0126  |g|= 0.0708  |ddm|= 0.154
  HOMO = -0.635280318906876  LUMO = 0.213648237356188
cycle= 3 E= -108.967961330243  delta_E= -0.000826  |g|= 0.0134  |ddm|= 0.0345
  HOMO = -0.640415986330407  LUMO = 0.212233867780172
cycle= 4 E= -108.968014446581  delta_E= -5.31e-05  |g|= 0.0014  |ddm|= 0.0124
  HOMO = -0.640802131084615  LUMO = 0.212082421480335
cycle= 5 E= -108.968015001326  delta_E= -5.55e-07  |g|= 0.000151  |ddm|= 0.00147
  HOMO = -0.640848002388397  LUMO = 0.212078538652685
cycle= 6 E= -108.968015011398  delta_E= -1.01e-08  |g|= 3.3e-05  |ddm|= 0.000237
  HOMO = -0.640847012824942  LUMO = 0.212083751313157
cycle= 7 E= -108.968015011916  delta_E= -5.18e-10  |g|= 3.37e-06  |ddm|= 9.33e-05
  HOMO = -0.640847671678762  LUMO = 0.212083226554054
Extra cycle  E= -108.96801501192  delta_E= -3.81e-12  |g|= 9.05e-07  |ddm|= 1.12e-05
converged SCF energy = -108.96801501192

******** <class 'pyscf.cc.ccsd.CCSD'> ********
CC2 = 0
CCSD nocc = 7, nmo = 60
max_cycle = 50
direct = 0
conv_tol = 1e-07
conv_tol_normt = 1e-05
diis_space = 6
diis_start_cycle = 0
diis_start_energy_diff = 1e+09
max_memory 4000 MB (current use 184 MB)
Init t2, MP2 energy = -109.345110060356  E_corr(MP2) -0.377095048436027
Init E_corr(CCSD) = -0.377095048436292
cycle = 1  E_corr(CCSD) = -0.37056059222341  dE = 0.00653445621  norm(t1,t2) = 0.0391389
cycle = 2  E_corr(CCSD) = -0.381024451606617  dE = -0.0104638594  norm(t1,t2) = 0.0138431
cycle = 3  E_corr(CCSD) = -0.380793168739929  dE = 0.000231282867  norm(t1,t2) = 0.00456944
cycle = 4  E_corr(CCSD) = -0.381885360464382  dE = -0.00109219172  norm(t1,t2) = 0.00206863
cycle = 5  E_corr(CCSD) = -0.381869043745676  dE = 1.63167187e-05  norm(t1,t2) = 0.000351889
cycle = 6  E_corr(CCSD) = -0.381862665223665  dE = 6.37852201e-06  norm(t1,t2) = 4.70068e-05
cycle = 7  E_corr(CCSD) = -0.381868119374395  dE = -5.45415073e-06  norm(t1,t2) = 1.33853e-05
cycle = 8  E_corr(CCSD) = -0.381867900041166  dE = 2.19333229e-07  norm(t1,t2) = 2.02624e-06
cycle = 9  E_corr(CCSD) = -0.381867825504944  dE = 7.45362225e-08  norm(t1,t2) = 4.91863e-07
CCSD converged
E(CCSD) = -109.3498828374245  E_corr = -0.3818678255049437

******** <class 'pyscf.ci.cisd.RCISD'> ********
CISD nocc = 7, nmo = 60
max_cycle = 50
direct = 0
conv_tol = 1e-09
max_cycle = 50
max_space = 12
lindep = 0
nroots = 1
max_memory 4000 MB (current use 202 MB)
Init t2, MP2 energy = -0.377095048436027
RCISD converged
E(RCISD) = -109.32585476614  E_corr = -0.3578397542204605

******** <class 'pyscf.mp.mp2.MP2'> ********
nocc = 7, nmo = 60
max_memory 4000 MB (current use 149 MB)
E(MP2) = -109.345110040891  E_corr = -0.37709502897146
E(SCS-MP2) = -109.339130977767  E_corr = -0.371115965847709
E_corr(same-spin) = -0.0939208487515881
E_corr(oppo-spin) = -0.283174180219872


******** <class 'pyscf.scf.hf.RHF'> ********
method = RHF
initial guess = minao
damping factor = 0
level_shift factor = 0
DIIS = <class 'pyscf.scf.diis.CDIIS'>
diis_start_cycle = 1
diis_space = 8
diis_damp = 0
SCF conv_tol = 1e-09
SCF conv_tol_grad = None
SCF max_cycles = 50
direct_scf = True
direct_scf_tol = 1e-13
chkfile to save SCF result = /tmp/tmp8z16hn8g
max_memory 4000 MB (current use 149 MB)
Set gradient conv threshold to 3.16228e-05
Initial guess from minao.
init E= -108.683283530877
  HOMO = -0.364976187675585  LUMO = 0.0275629497819018
cycle= 1 E= -108.913684909058  delta_E= -0.23  |g|= 0.332  |ddm|= 1.28
  HOMO = -0.625777709989825  LUMO = 0.0655254375608601
cycle= 2 E= -108.937698380264  delta_E= -0.024  |g|= 0.0974  |ddm|= 0.228
  HOMO = -0.57192850995278  LUMO = 0.113282312984665
cycle= 3 E= -108.939515917151  delta_E= -0.00182  |g|= 0.0175  |ddm|= 0.049
  HOMO = -0.571349363807395  LUMO = 0.114646027847675
cycle= 4 E= -108.939641581098  delta_E= -0.000126  |g|= 0.0022  |ddm|= 0.0189
  HOMO = -0.571903736614697  LUMO = 0.114239535136575
cycle= 5 E= -108.939642725412  delta_E= -1.14e-06  |g|= 0.000143  |ddm|= 0.00181
  HOMO = -0.571909229616739  LUMO = 0.114224069443706
cycle= 6 E= -108.939642732437  delta_E= -7.02e-09  |g|= 3.07e-05  |ddm|= 0.000146
  HOMO = -0.571901368044448  LUMO = 0.114230982086689
cycle= 7 E= -108.939642732822  delta_E= -3.85e-10  |g|= 3.88e-06  |ddm|= 4.78e-05
  HOMO = -0.571901558097435  LUMO = 0.114230519293309
Extra cycle  E= -108.939642732828  delta_E= -5.91e-12  |g|= 1.11e-06  |ddm|= 6.52e-06
converged SCF energy = -108.939642732828

******** <class 'pyscf.cc.ccsd.CCSD'> ********
CC2 = 0
CCSD nocc = 7, nmo = 60
max_cycle = 50
direct = 0
conv_tol = 1e-07
conv_tol_normt = 1e-05
diis_space = 6
diis_start_cycle = 0
diis_start_energy_diff = 1e+09
max_memory 4000 MB (current use 149 MB)
Init t2, MP2 energy = -109.368522046072  E_corr(MP2) -0.428879313244118
Init E_corr(CCSD) = -0.428879313244554
cycle = 1  E_corr(CCSD) = -0.39260875678481  dE = 0.0362705565  norm(t1,t2) = 0.067491
cycle = 2  E_corr(CCSD) = -0.418422918351126  dE = -0.0258141616  norm(t1,t2) = 0.0303782
cycle = 3  E_corr(CCSD) = -0.413529094228212  dE = 0.00489382412  norm(t1,t2) = 0.00937727
cycle = 4  E_corr(CCSD) = -0.416327229307534  dE = -0.00279813508  norm(t1,t2) = 0.00556201
cycle = 5  E_corr(CCSD) = -0.416439881209549  dE = -0.000112651902  norm(t1,t2) = 0.000985312
cycle = 6  E_corr(CCSD) = -0.416424011598935  dE = 1.58696106e-05  norm(t1,t2) = 0.000145963
cycle = 7  E_corr(CCSD) = -0.416442778158879  dE = -1.87665599e-05  norm(t1,t2) = 5.07751e-05
cycle = 8  E_corr(CCSD) = -0.416442231341596  dE = 5.46817283e-07  norm(t1,t2) = 7.58975e-06
cycle = 9  E_corr(CCSD) = -0.416441677661265  dE = 5.53680331e-07  norm(t1,t2) = 1.882e-06
cycle = 10  E_corr(CCSD) = -0.416441786772629  dE = -1.09111364e-07  norm(t1,t2) = 5.36758e-07
cycle = 11  E_corr(CCSD) = -0.416441849440346  dE = -6.26677166e-08  norm(t1,t2) = 1.34904e-07
CCSD converged
E(CCSD) = -109.3560845822679  E_corr = -0.4164418494403458

******** <class 'pyscf.ci.cisd.RCISD'> ********
CISD nocc = 7, nmo = 60
max_cycle = 50
direct = 0
conv_tol = 1e-09
max_cycle = 50
max_space = 12
lindep = 0
nroots = 1
max_memory 4000 MB (current use 166 MB)
Init t2, MP2 energy = -0.428879313244118
RCISD converged
E(RCISD) = -109.3228505407478  E_corr = -0.3832078079202947

******** <class 'pyscf.mp.mp2.MP2'> ********
nocc = 7, nmo = 60
max_memory 4000 MB (current use 200 MB)
E(MP2) = -109.368522023305  E_corr = -0.428879290477433
E(SCS-MP2) = -109.359039042779  E_corr = -0.419396309951512
E_corr(same-spin) = -0.109914044563162
E_corr(oppo-spin) = -0.31896524591427


******** <class 'pyscf.scf.hf.RHF'> ********
method = RHF
initial guess = minao
damping factor = 0
level_shift factor = 0
DIIS = <class 'pyscf.scf.diis.CDIIS'>
diis_start_cycle = 1
diis_space = 8
diis_damp = 0
SCF conv_tol = 1e-09
SCF conv_tol_grad = None
SCF max_cycles = 50
direct_scf = True
direct_scf_tol = 1e-13
chkfile to save SCF result = /tmp/tmplajal417
max_memory 4000 MB (current use 200 MB)
Set gradient conv threshold to 3.16228e-05
Initial guess from minao.
init E= -108.212385632068
  HOMO = -0.326827159600828  LUMO = -0.028476257353158
cycle= 1 E= -108.754924895671  delta_E= -0.543  |g|= 0.363  |ddm|= 1.22
  HOMO = -0.568272571257728  LUMO = -0.0211363274259068
cycle= 2 E= -108.783901084361  delta_E= -0.029  |g|= 0.103  |ddm|= 0.274
  HOMO = -0.511153726516761  LUMO = 0.035681697804861
cycle= 3 E= -108.786217200359  delta_E= -0.00232  |g|= 0.0201  |ddm|= 0.054
  HOMO = -0.510198037029117  LUMO = 0.0379714214320109
cycle= 4 E= -108.786412067611  delta_E= -0.000195  |g|= 0.00268  |ddm|= 0.0232
  HOMO = -0.511005183898791  LUMO = 0.0372751378051645
cycle= 5 E= -108.786413859641  delta_E= -1.79e-06  |g|= 0.000129  |ddm|= 0.00212
  HOMO = -0.510998687988089  LUMO = 0.0372749474879126
cycle= 6 E= -108.786413864176  delta_E= -4.54e-09  |g|= 2.28e-05  |ddm|= 0.000106
  HOMO = -0.510995132327974  LUMO = 0.0372803565045404
cycle= 7 E= -108.786413864303  delta_E= -1.27e-10  |g|= 2.67e-06  |ddm|= 2.04e-05
  HOMO = -0.510995027746668  LUMO = 0.0372804866714584
Extra cycle  E= -108.786413864306  delta_E= -2.79e-12  |g|= 7.82e-07  |ddm|= 2.84e-06
converged SCF energy = -108.786413864306

******** <class 'pyscf.cc.ccsd.CCSD'> ********
CC2 = 0
CCSD nocc = 7, nmo = 60
max_cycle = 50
direct = 0
conv_tol = 1e-07
conv_tol_normt = 1e-05
diis_space = 6
diis_start_cycle = 0
diis_start_energy_diff = 1e+09
max_memory 4000 MB (current use 200 MB)
Init t2, MP2 energy = -109.293442235535  E_corr(MP2) -0.50702837122956
Init E_corr(CCSD) = -0.507028371229754
cycle = 1  E_corr(CCSD) = -0.40494543492233  dE = 0.102082936  norm(t1,t2) = 0.126253
cycle = 2  E_corr(CCSD) = -0.476462852632347  dE = -0.0715174177  norm(t1,t2) = 0.0799861
cycle = 3  E_corr(CCSD) = -0.452927043531249  dE = 0.0235358091  norm(t1,t2) = 0.031558
cycle = 4  E_corr(CCSD) = -0.458754976787362  dE = -0.00582793326  norm(t1,t2) = 0.0131071
cycle = 5  E_corr(CCSD) = -0.459748003448862  dE = -0.000993026661  norm(t1,t2) = 0.00301129
cycle = 6  E_corr(CCSD) = -0.45959790959157  dE = 0.000150093857  norm(t1,t2) = 0.000522113
cycle = 7  E_corr(CCSD) = -0.459650049047336  dE = -5.21394558e-05  norm(t1,t2) = 0.000217458
cycle = 8  E_corr(CCSD) = -0.459671066134979  dE = -2.10170876e-05  norm(t1,t2) = 4.77996e-05
cycle = 9  E_corr(CCSD) = -0.459666009013298  dE = 5.05712168e-06  norm(t1,t2) = 1.2685e-05
cycle = 10  E_corr(CCSD) = -0.459665589229924  dE = 4.19783374e-07  norm(t1,t2) = 3.38963e-06
cycle = 11  E_corr(CCSD) = -0.459666192720787  dE = -6.03490863e-07  norm(t1,t2) = 1.64466e-06
cycle = 12  E_corr(CCSD) = -0.459666230577424  dE = -3.78566367e-08  norm(t1,t2) = 4.99474e-07
CCSD converged
E(CCSD) = -109.2460800948833  E_corr = -0.459666230577424

******** <class 'pyscf.ci.cisd.RCISD'> ********
CISD nocc = 7, nmo = 60
max_cycle = 50
direct = 0
conv_tol = 1e-09
max_cycle = 50
max_space = 12
lindep = 0
nroots = 1
max_memory 4000 MB (current use 186 MB)
Init t2, MP2 energy = -0.507028371229559
RCISD converged
E(RCISD) = -109.1999395414177  E_corr = -0.41352567711183

******** <class 'pyscf.mp.mp2.MP2'> ********
nocc = 7, nmo = 60
max_memory 4000 MB (current use 204 MB)
E(MP2) = -109.293442246056  E_corr = -0.50702838174977
E(SCS-MP2) = -109.277740688343  E_corr = -0.491326824037158
E_corr(same-spin) = -0.135123731610653
E_corr(oppo-spin) = -0.371904650139117


******** <class 'pyscf.scf.hf.RHF'> ********
method = RHF
initial guess = minao
damping factor = 0
level_shift factor = 0
DIIS = <class 'pyscf.scf.diis.CDIIS'>
diis_start_cycle = 1
diis_space = 8
diis_damp = 0
SCF conv_tol = 1e-09
SCF conv_tol_grad = None
SCF max_cycles = 50
direct_scf = True
direct_scf_tol = 1e-13
chkfile to save SCF result = /tmp/tmp1_smddys
max_memory 4000 MB (current use 204 MB)
Set gradient conv threshold to 3.16228e-05
Initial guess from minao.
init E= -107.926746246721
  HOMO = -0.271483877588791  LUMO = -0.0691217912604338
cycle= 1 E= -108.590531247415  delta_E= -0.664  |g|= 0.362  |ddm|= 1.19
  HOMO = -0.521550572091739  LUMO = -0.0794883086025912
cycle= 2 E= -108.61948897794  delta_E= -0.029  |g|= 0.102  |ddm|= 0.298
  HOMO = -0.466690790454563  LUMO = -0.0215288639340611
cycle= 3 E= -108.621910234806  delta_E= -0.00242  |g|= 0.0209  |ddm|= 0.0543
  HOMO = -0.465931447540242  LUMO = -0.0192319741137058
cycle= 4 E= -108.622139041404  delta_E= -0.000229  |g|= 0.00297  |ddm|= 0.0246
  HOMO = -0.466820991608545  LUMO = -0.0200612262636136
cycle= 5 E= -108.622141673724  delta_E= -2.63e-06  |g|= 0.000196  |ddm|= 0.00254
  HOMO = -0.466788643410499  LUMO = -0.0200286499941273
cycle= 6 E= -108.622141683612  delta_E= -9.89e-09  |g|= 3.39e-05  |ddm|= 0.000165
  HOMO = -0.466786798758941  LUMO = -0.0200241600290428
cycle= 7 E= -108.622141684011  delta_E= -3.99e-10  |g|= 5.24e-06  |ddm|= 3.42e-05
  HOMO = -0.466786684762287  LUMO = -0.0200241272360956
Extra cycle  E= -108.622141684022  delta_E= -1.1e-11  |g|= 1.5e-06  |ddm|= 5.29e-06
converged SCF energy = -108.622141684022

******** <class 'pyscf.cc.ccsd.CCSD'> ********
CC2 = 0
CCSD nocc = 7, nmo = 60
max_cycle = 50
direct = 0
conv_tol = 1e-07
conv_tol_normt = 1e-05
diis_space = 6
diis_start_cycle = 0
diis_start_energy_diff = 1e+09
max_memory 4000 MB (current use 204 MB)
Init t2, MP2 energy = -109.236319485622  E_corr(MP2) -0.614177801600262
Init E_corr(CCSD) = -0.614177801601045
cycle = 1  E_corr(CCSD) = -0.383628540199594  dE = 0.230549261  norm(t1,t2) = 0.230015
cycle = 2  E_corr(CCSD) = -0.581189791552924  dE = -0.197561251  norm(t1,t2) = 0.198675
cycle = 3  E_corr(CCSD) = -0.49526463837027  dE = 0.0859251532  norm(t1,t2) = 0.1282
cycle = 4  E_corr(CCSD) = -0.502332046004269  dE = -0.00706740763  norm(t1,t2) = 0.0241303
cycle = 5  E_corr(CCSD) = -0.507698394598472  dE = -0.00536634859  norm(t1,t2) = 0.0110381
cycle = 6  E_corr(CCSD) = -0.508368236768732  dE = -0.00066984217  norm(t1,t2) = 0.00252106
cycle = 7  E_corr(CCSD) = -0.508316515881788  dE = 5.17208869e-05  norm(t1,t2) = 0.000775497
cycle = 8  E_corr(CCSD) = -0.508405781113426  dE = -8.92652316e-05  norm(t1,t2) = 0.000247104
cycle = 9  E_corr(CCSD) = -0.508400037287282  dE = 5.74382614e-06  norm(t1,t2) = 7.31609e-05
cycle = 10  E_corr(CCSD) = -0.508394769150968  dE = 5.26813631e-06  norm(t1,t2) = 1.973e-05
cycle = 11  E_corr(CCSD) = -0.508394300399149  dE = 4.68751818e-07  norm(t1,t2) = 6.65616e-06
cycle = 12  E_corr(CCSD) = -0.508394436489762  dE = -1.36090613e-07  norm(t1,t2) = 2.9217e-06
cycle = 13  E_corr(CCSD) = -0.508394567578089  dE = -1.31088326e-07  norm(t1,t2) = 9.47472e-07
cycle = 14  E_corr(CCSD) = -0.508394703891021  dE = -1.36312932e-07  norm(t1,t2) = 3.21895e-07
cycle = 15  E_corr(CCSD) = -0.508394650832516  dE = 5.3058505e-08  norm(t1,t2) = 1.54862e-07
CCSD converged
E(CCSD) = -109.1305363348547  E_corr = -0.5083946508325159

******** <class 'pyscf.ci.cisd.RCISD'> ********
CISD nocc = 7, nmo = 60
max_cycle = 50
direct = 0
conv_tol = 1e-09
max_cycle = 50
max_space = 12
lindep = 0
nroots = 1
max_memory 4000 MB (current use 204 MB)
Init t2, MP2 energy = -0.614177801600262
RCISD converged
E(RCISD) = -109.0673765720311  E_corr = -0.4452348880088879

******** <class 'pyscf.mp.mp2.MP2'> ********
nocc = 7, nmo = 60
max_memory 4000 MB (current use 204 MB)
E(MP2) = -109.236319522006  E_corr = -0.614177837983935
E(SCS-MP2) = -109.211559139879  E_corr = -0.589417455856671
E_corr(same-spin) = -0.170303018912367
E_corr(oppo-spin) = -0.443874819071568


******** <class 'pyscf.scf.hf.RHF'> ********
method = RHF
initial guess = minao
damping factor = 0
level_shift factor = 0
DIIS = <class 'pyscf.scf.diis.CDIIS'>
diis_start_cycle = 1
diis_space = 8
diis_damp = 0
SCF conv_tol = 1e-09
SCF conv_tol_grad = None
SCF max_cycles = 50
direct_scf = True
direct_scf_tol = 1e-13
chkfile to save SCF result = /tmp/tmpaa834q51
max_memory 4000 MB (current use 204 MB)
Set gradient conv threshold to 3.16228e-05
Initial guess from minao.
init E= -107.764730325307
  HOMO = -0.236107132522061  LUMO = -0.0979722563241532
cycle= 1 E= -108.447463037653  delta_E= -0.683  |g|= 0.354  |ddm|= 1.19
  HOMO = -0.485576171508746  LUMO = -0.119310217850209
cycle= 2 E= -108.474880027639  delta_E= -0.0274  |g|= 0.101  |ddm|= 0.305
  HOMO = -0.434151145619776  LUMO = -0.0633802737336949
cycle= 3 E= -108.47726883286  delta_E= -0.00239  |g|= 0.0205  |ddm|= 0.0542
  HOMO = -0.433575433628567  LUMO = -0.0614156045923815
cycle= 4 E= -108.47749812122  delta_E= -0.000229  |g|= 0.00313  |ddm|= 0.0244
  HOMO = -0.434440095899129  LUMO = -0.062239322812592
cycle= 5 E= -108.477501453313  delta_E= -3.33e-06  |g|= 0.000267  |ddm|= 0.00284
  HOMO = -0.434385491423084  LUMO = -0.0621818929565329
cycle= 6 E= -108.477501471679  delta_E= -1.84e-08  |g|= 5.11e-05  |ddm|= 0.000241
  HOMO = -0.434383565048203  LUMO = -0.0621763664522676
cycle= 7 E= -108.477501472616  delta_E= -9.38e-10  |g|= 7.09e-06  |ddm|= 5.2e-05
  HOMO = -0.434383236252109  LUMO = -0.0621762183931138
Extra cycle  E= -108.477501472636  delta_E= -1.92e-11  |g|= 1.97e-06  |ddm|= 7.42e-06
converged SCF energy = -108.477501472636

******** <class 'pyscf.cc.ccsd.CCSD'> ********
CC2 = 0
CCSD nocc = 7, nmo = 60
max_cycle = 50
direct = 0
conv_tol = 1e-07
conv_tol_normt = 1e-05
diis_space = 6
diis_start_cycle = 0
diis_start_energy_diff = 1e+09
max_memory 4000 MB (current use 204 MB)
Init t2, MP2 energy = -109.226594730078  E_corr(MP2) -0.749093257442835
Init E_corr(CCSD) = -0.749093257444176
cycle = 1  E_corr(CCSD) = -0.297576118184499  dE = 0.451517139  norm(t1,t2) = 0.412223
cycle = 2  E_corr(CCSD) = -0.800780323784251  dE = -0.503204206  norm(t1,t2) = 0.484271
cycle = 3  E_corr(CCSD) = -0.542943350323109  dE = 0.257836973  norm(t1,t2) = 0.465091
cycle = 4  E_corr(CCSD) = -0.538751771974577  dE = 0.00419157835  norm(t1,t2) = 0.0362088
cycle = 5  E_corr(CCSD) = -0.547435988745157  dE = -0.00868421677  norm(t1,t2) = 0.0393384
cycle = 6  E_corr(CCSD) = -0.559061157787918  dE = -0.011625169  norm(t1,t2) = 0.0248531
cycle = 7  E_corr(CCSD) = -0.561330719816209  dE = -0.00226956203  norm(t1,t2) = 0.00531286
cycle = 8  E_corr(CCSD) = -0.561103501220988  dE = 0.000227218595  norm(t1,t2) = 0.00199914
cycle = 9  E_corr(CCSD) = -0.561531547341652  dE = -0.000428046121  norm(t1,t2) = 0.000876732
cycle = 10  E_corr(CCSD) = -0.561537221499994  dE = -5.67415834e-06  norm(t1,t2) = 0.000125722
cycle = 11  E_corr(CCSD) = -0.561496663458186  dE = 4.05580418e-05  norm(t1,t2) = 7.45762e-05
cycle = 12  E_corr(CCSD) = -0.561500100246864  dE = -3.43678868e-06  norm(t1,t2) = 1.62524e-05
cycle = 13  E_corr(CCSD) = -0.561501628506597  dE = -1.52825973e-06  norm(t1,t2) = 6.89074e-06
cycle = 14  E_corr(CCSD) = -0.561500888631156  dE = 7.39875442e-07  norm(t1,t2) = 3.01624e-06
cycle = 15  E_corr(CCSD) = -0.561500025982038  dE = 8.62649118e-07  norm(t1,t2) = 1.27517e-06
cycle = 16  E_corr(CCSD) = -0.561500226926919  dE = -2.00944881e-07  norm(t1,t2) = 5.13292e-07
cycle = 17  E_corr(CCSD) = -0.561500172866017  dE = 5.40609021e-08  norm(t1,t2) = 1.38982e-07
CCSD converged
E(CCSD) = -109.0390016455016  E_corr = -0.5615001728660167

******** <class 'pyscf.ci.cisd.RCISD'> ********
CISD nocc = 7, nmo = 60
max_cycle = 50
direct = 0
conv_tol = 1e-09
max_cycle = 50
max_space = 12
lindep = 0
nroots = 1
max_memory 4000 MB (current use 157 MB)
Init t2, MP2 energy = -0.749093257442835
RCISD converged
E(RCISD) = -108.9529584836238  E_corr = -0.4754570109882227

******** <class 'pyscf.mp.mp2.MP2'> ********
nocc = 7, nmo = 60
max_memory 4000 MB (current use 204 MB)
E(MP2) = -109.226594790356  E_corr = -0.749093317720032
E(SCS-MP2) = -109.190068302881  E_corr = -0.712566830245673
E_corr(same-spin) = -0.215013635790421
E_corr(oppo-spin) = -0.534079681929611


******** <class 'pyscf.scf.hf.RHF'> ********
method = RHF
initial guess = minao
damping factor = 0
level_shift factor = 0
DIIS = <class 'pyscf.scf.diis.CDIIS'>
diis_start_cycle = 1
diis_space = 8
diis_damp = 0
SCF conv_tol = 1e-09
SCF conv_tol_grad = None
SCF max_cycles = 50
direct_scf = True
direct_scf_tol = 1e-13
chkfile to save SCF result = /tmp/tmpw_wj76zq
max_memory 4000 MB (current use 204 MB)
Set gradient conv threshold to 3.16228e-05
Initial guess from minao.
init E= -107.67673318338
  HOMO = -0.213036145190876  LUMO = -0.118212329290876
cycle= 1 E= -108.328975817741  delta_E= -0.652  |g|= 0.348  |ddm|=  1.2
  HOMO = -0.458674672154451  LUMO = -0.147548474942942
cycle= 2 E= -108.354912280813  delta_E= -0.0259  |g|= 0.103  |ddm|= 0.305
  HOMO = -0.410103609610808  LUMO = -0.094279076514402
cycle= 3 E= -108.357300923636  delta_E= -0.00239  |g|= 0.0196  |ddm|= 0.055
  HOMO = -0.409590789752007  LUMO = -0.0926482304427253
cycle= 4 E= -108.357515023453  delta_E= -0.000214  |g|= 0.00321  |ddm|= 0.0238
  HOMO = -0.410415038528205  LUMO = -0.0934408435225521
cycle= 5 E= -108.357518712518  delta_E= -3.69e-06  |g|= 0.00033  |ddm|= 0.00302
  HOMO = -0.410343748779267  LUMO = -0.0933674181953114
cycle= 6 E= -108.357518739561  delta_E= -2.7e-08  |g|= 7.3e-05  |ddm|= 0.000295
  HOMO = -0.410339301556422  LUMO = -0.0933581559745879
cycle= 7 E= -108.357518741389  delta_E= -1.83e-09  |g|= 7.51e-06  |ddm|= 7.09e-05
  HOMO = -0.410338998113899  LUMO = -0.0933579479395474
cycle= 8 E= -108.357518741414  delta_E= -2.5e-11  |g|= 6.22e-07  |ddm|= 1.1e-05
  HOMO = -0.410339146406168  LUMO = -0.0933580788615104
Extra cycle  E= -108.357518741414  delta_E= -9.95e-14  |g|= 1.64e-07  |ddm|= 7.43e-07
converged SCF energy = -108.357518741414

******** <class 'pyscf.cc.ccsd.CCSD'> ********
CC2 = 0
CCSD nocc = 7, nmo = 60
max_cycle = 50
direct = 0
conv_tol = 1e-07
conv_tol_normt = 1e-05
diis_space = 6
diis_start_cycle = 0
diis_start_energy_diff = 1e+09
max_memory 4000 MB (current use 204 MB)
Init t2, MP2 energy = -109.265665843943  E_corr(MP2) -0.908147102529554
Init E_corr(CCSD) = -0.90814710252956
cycle = 1  E_corr(CCSD) = -0.116535970021227  dE = 0.791611133  norm(t1,t2) = 0.6787
cycle = 2  E_corr(CCSD) = -1.26800943277377  dE = -1.15147346  norm(t1,t2) = 1.05057
cycle = 3  E_corr(CCSD) = -0.628003804829093  dE = 0.640005628  norm(t1,t2) = 1.37255
cycle = 4  E_corr(CCSD) = -0.604127745683297  dE = 0.0238760591  norm(t1,t2) = 0.0803119
cycle = 5  E_corr(CCSD) = -0.601606299299045  dE = 0.00252144638  norm(t1,t2) = 0.049303
cycle = 6  E_corr(CCSD) = -0.599518163390041  dE = 0.00208813591  norm(t1,t2) = 0.0471534
cycle = 7  E_corr(CCSD) = -0.615446141023423  dE = -0.0159279776  norm(t1,t2) = 0.0369258
cycle = 8  E_corr(CCSD) = -0.621144713448922  dE = -0.00569857243  norm(t1,t2) = 0.0118053
cycle = 9  E_corr(CCSD) = -0.623859914585324  dE = -0.00271520114  norm(t1,t2) = 0.00503379
cycle = 10  E_corr(CCSD) = -0.622930372459704  dE = 0.000929542126  norm(t1,t2) = 0.00197265
cycle = 11  E_corr(CCSD) = -0.623670638538403  dE = -0.000740266079  norm(t1,t2) = 0.00111181
cycle = 12  E_corr(CCSD) = -0.62384749208657  dE = -0.000176853548  norm(t1,t2) = 0.000454485
cycle = 13  E_corr(CCSD) = -0.623840079922895  dE = 7.41216368e-06  norm(t1,t2) = 0.000136756
cycle = 14  E_corr(CCSD) = -0.623838916232088  dE = 1.16369081e-06  norm(t1,t2) = 8.02799e-05
cycle = 15  E_corr(CCSD) = -0.623822781700984  dE = 1.61345311e-05  norm(t1,t2) = 2.16995e-05
cycle = 16  E_corr(CCSD) = -0.623832680570562  dE = -9.89886958e-06  norm(t1,t2) = 1.85309e-05
cycle = 17  E_corr(CCSD) = -0.623830493850117  dE = 2.18672045e-06  norm(t1,t2) = 9.40076e-06
cycle = 18  E_corr(CCSD) = -0.623834631738731  dE = -4.13788861e-06  norm(t1,t2) = 9.09738e-06
cycle = 19  E_corr(CCSD) = -0.623835392419626  dE = -7.60680895e-07  norm(t1,t2) = 1.64918e-06
cycle = 20  E_corr(CCSD) = -0.623835528351933  dE = -1.35932308e-07  norm(t1,t2) = 4.1008e-07
cycle = 21  E_corr(CCSD) = -0.623835461230347  dE = 6.71215861e-08  norm(t1,t2) = 1.9353e-07
CCSD converged
E(CCSD) = -108.981354202644  E_corr = -0.6238354612303474

******** <class 'pyscf.ci.cisd.RCISD'> ********
CISD nocc = 7, nmo = 60
max_cycle = 50
direct = 0
conv_tol = 1e-09
max_cycle = 50
max_space = 12
lindep = 0
nroots = 1
max_memory 4000 MB (current use 201 MB)
Init t2, MP2 energy = -0.908147102529557
RCISD converged
E(RCISD) = -108.8603682767346  E_corr = -0.5028495353209186

******** <class 'pyscf.mp.mp2.MP2'> ********
nocc = 7, nmo = 60
max_memory 4000 MB (current use 204 MB)
E(MP2) = -109.265665853284  E_corr = -0.9081471118706
E(SCS-MP2) = -109.214932814797  E_corr = -0.857414073383688
E_corr(same-spin) = -0.268110531762729
E_corr(oppo-spin) = -0.640036580107871


******** <class 'pyscf.scf.hf.RHF'> ********
method = RHF
initial guess = minao
damping factor = 0
level_shift factor = 0
DIIS = <class 'pyscf.scf.diis.CDIIS'>
diis_start_cycle = 1
diis_space = 8
diis_damp = 0
SCF conv_tol = 1e-09
SCF conv_tol_grad = None
SCF max_cycles = 50
direct_scf = True
direct_scf_tol = 1e-13
chkfile to save SCF result = /tmp/tmppw7l0xuq
max_memory 4000 MB (current use 204 MB)
Set gradient conv threshold to 3.16228e-05
Initial guess from minao.
init E= -107.606434992011
  HOMO = -0.18741806324038  LUMO = -0.142153354383624
cycle= 1 E= -108.155261145179  delta_E= -0.549  |g|= 0.34  |ddm|= 1.24
  HOMO = -0.423068387300916  LUMO = -0.183900600685765
cycle= 2 E= -108.179014539148  delta_E= -0.0238  |g|= 0.109  |ddm|= 0.301
  HOMO = -0.377532388292291  LUMO = -0.134706321020983
cycle= 3 E= -108.181577471821  delta_E= -0.00256  |g|= 0.0175  |ddm|= 0.0597
  HOMO = -0.377164736951747  LUMO = -0.133676726577336
cycle= 4 E= -108.181752466543  delta_E= -0.000175  |g|= 0.0031  |ddm|= 0.0227
  HOMO = -0.377886984210051  LUMO = -0.134407572815336
cycle= 5 E= -108.181756003214  delta_E= -3.54e-06  |g|= 0.000387  |ddm|= 0.00318
  HOMO = -0.377810057408924  LUMO = -0.134324980933526
cycle= 6 E= -108.181756041396  delta_E= -3.82e-08  |g|= 9.06e-05  |ddm|= 0.000347
  HOMO = -0.377801074264136  LUMO = -0.134311516047344
cycle= 7 E= -108.181756044031  delta_E= -2.63e-09  |g|= 6.24e-06  |ddm|= 8.47e-05
  HOMO = -0.37780084723355  LUMO = -0.134311296492321
cycle= 8 E= -108.18175604405  delta_E= -1.88e-11  |g|= 5.98e-07  |ddm|= 8.62e-06
  HOMO = -0.377800991388179  LUMO = -0.13431141754964
Extra cycle  E= -108.18175604405  delta_E= -3.13e-13  |g|= 2.24e-07  |ddm|= 7.19e-07
converged SCF energy = -108.18175604405

******** <class 'pyscf.cc.ccsd.CCSD'> ********
CC2 = 0
CCSD nocc = 7, nmo = 60
max_cycle = 50
direct = 0
conv_tol = 1e-07
conv_tol_normt = 1e-05
diis_space = 6
diis_start_cycle = 0
diis_start_energy_diff = 1e+09
max_memory 4000 MB (current use 204 MB)
Init t2, MP2 energy = -109.464034250785  E_corr(MP2) -1.28227820673487
Init E_corr(CCSD) = -1.28227820673486
cycle = 1  E_corr(CCSD) = 0.617735114216114  dE = 1.90001332  norm(t1,t2) = 1.55041
cycle = 2  E_corr(CCSD) = -3.86087395209412  dE = -4.47860907  norm(t1,t2) = 3.84146
cycle = 3  E_corr(CCSD) = -1.70907646069818  dE = 2.15179749  norm(t1,t2) = 7.25161
cycle = 4  E_corr(CCSD) = -1.02203674023216  dE = 0.68703972  norm(t1,t2) = 2.20933
cycle = 5  E_corr(CCSD) = -0.917738491779811  dE = 0.104298248  norm(t1,t2) = 0.934447
cycle = 6  E_corr(CCSD) = -0.729446395557884  dE = 0.188292096  norm(t1,t2) = 0.666852
cycle = 7  E_corr(CCSD) = -0.69715365432158  dE = 0.0322927412  norm(t1,t2) = 0.219891
cycle = 8  E_corr(CCSD) = -0.636038109220266  dE = 0.0611155451  norm(t1,t2) = 0.148962
cycle = 9  E_corr(CCSD) = -0.611659402995251  dE = 0.0243787062  norm(t1,t2) = 0.137075
cycle = 10  E_corr(CCSD) = -0.622015167035675  dE = -0.010355764  norm(t1,t2) = 0.180576
cycle = 11  E_corr(CCSD) = -0.651213601777019  dE = -0.0291984347  norm(t1,t2) = 0.169187
cycle = 12  E_corr(CCSD) = -0.711715261536967  dE = -0.0605016598  norm(t1,t2) = 0.158146
cycle = 13  E_corr(CCSD) = -0.754963171095203  dE = -0.0432479096  norm(t1,t2) = 0.167479
cycle = 14  E_corr(CCSD) = -0.793822058999483  dE = -0.0388588879  norm(t1,t2) = 0.269762
cycle = 15  E_corr(CCSD) = -0.779916048192923  dE = 0.0139060108  norm(t1,t2) = 0.2472
cycle = 16  E_corr(CCSD) = -0.797477607492203  dE = -0.0175615593  norm(t1,t2) = 0.187446
cycle = 17  E_corr(CCSD) = -0.796239538721266  dE = 0.00123806877  norm(t1,t2) = 0.0469908
cycle = 18  E_corr(CCSD) = -0.80985933958466  dE = -0.0136198009  norm(t1,t2) = 0.0329539
cycle = 19  E_corr(CCSD) = -0.811709400296852  dE = -0.00185006071  norm(t1,t2) = 0.00818021
cycle = 20  E_corr(CCSD) = -0.812609253354038  dE = -0.000899853057  norm(t1,t2) = 0.00222067
cycle = 21  E_corr(CCSD) = -0.811555771956904  dE = 0.0010534814  norm(t1,t2) = 0.00281395
cycle = 22  E_corr(CCSD) = -0.811155246532192  dE = 0.000400525425  norm(t1,t2) = 0.00134572
cycle = 23  E_corr(CCSD) = -0.810945797959064  dE = 0.000209448573  norm(t1,t2) = 0.000951204
cycle = 24  E_corr(CCSD) = -0.810674205606043  dE = 0.000271592353  norm(t1,t2) = 0.000414937
cycle = 25  E_corr(CCSD) = -0.810882677344056  dE = -0.000208471738  norm(t1,t2) = 0.000384345
cycle = 26  E_corr(CCSD) = -0.810877681569276  dE = 4.99577478e-06  norm(t1,t2) = 0.000120726
cycle = 27  E_corr(CCSD) = -0.810882127952747  dE = -4.44638347e-06  norm(t1,t2) = 4.55645e-05
cycle = 28  E_corr(CCSD) = -0.810894702743186  dE = -1.25747904e-05  norm(t1,t2) = 3.0619e-05
cycle = 29  E_corr(CCSD) = -0.810899385292658  dE = -4.68254947e-06  norm(t1,t2) = 1.04767e-05
cycle = 30  E_corr(CCSD) = -0.81089955669499  dE = -1.71402332e-07  norm(t1,t2) = 1.65313e-06
cycle = 31  E_corr(CCSD) = -0.810898818573001  dE = 7.3812199e-07  norm(t1,t2) = 1.58463e-06
cycle = 32  E_corr(CCSD) = -0.810898838636316  dE = -2.00633156e-08  norm(t1,t2) = 5.38652e-07
CCSD converged
E(CCSD) = -108.9926548826865  E_corr = -0.8108988386363161

******** <class 'pyscf.ci.cisd.RCISD'> ********
CISD nocc = 7, nmo = 60
max_cycle = 50
direct = 0
conv_tol = 1e-09
max_cycle = 50
max_space = 12
lindep = 0
nroots = 1
max_memory 4000 MB (current use 159 MB)
Init t2, MP2 energy = -1.28227820673487
RCISD converged
E(RCISD) = -108.730048959908  E_corr = -0.5482929158578043

******** <class 'pyscf.mp.mp2.MP2'> ********
nocc = 7, nmo = 60
max_memory 4000 MB (current use 204 MB)
E(MP2) = -109.464034271578  E_corr = -1.28227822752792
E(SCS-MP2) = -109.378650701155  E_corr = -1.19689465710466
E_corr(same-spin) = -0.394429864533283
E_corr(oppo-spin) = -0.887848362994638


******** <class 'pyscf.scf.hf.RHF'> ********
method = RHF
initial guess = minao
damping factor = 0
level_shift factor = 0
DIIS = <class 'pyscf.scf.diis.CDIIS'>
diis_start_cycle = 1
diis_space = 8
diis_damp = 0
SCF conv_tol = 1e-09
SCF conv_tol_grad = None
SCF max_cycles = 50
direct_scf = True
direct_scf_tol = 1e-13
chkfile to save SCF result = /tmp/tmp79bmp0bl
max_memory 4000 MB (current use 204 MB)
Set gradient conv threshold to 3.16228e-05
Initial guess from minao.
init E= -107.588247362498
  HOMO = -0.175538965012385  LUMO = -0.153738277768636
cycle= 1 E= -108.042875488125  delta_E= -0.455  |g|= 0.332  |ddm|= 1.27
  HOMO = -0.400513057804816  LUMO = -0.204872679132621
cycle= 2 E= -108.064616485333  delta_E= -0.0217  |g|= 0.112  |ddm|= 0.295
  HOMO = -0.356162283836666  LUMO = -0.158097344435808
cycle= 3 E= -108.06733537026  delta_E= -0.00272  |g|= 0.0154  |ddm|= 0.0652
  HOMO = -0.356084240248107  LUMO = -0.157611942952936
cycle= 4 E= -108.067471319147  delta_E= -0.000136  |g|= 0.00276  |ddm|= 0.0216
  HOMO = -0.35670749466413  LUMO = -0.158270346664546
cycle= 5 E= -108.067474279368  delta_E= -2.96e-06  |g|= 0.000376  |ddm|= 0.00319
  HOMO = -0.356638392428539  LUMO = -0.158192799114041
cycle= 6 E= -108.06747431751  delta_E= -3.81e-08  |g|= 8.55e-05  |ddm|= 0.000337
  HOMO = -0.356629441561041  LUMO = -0.158180992489672
cycle= 7 E= -108.067474319876  delta_E= -2.37e-09  |g|= 4.86e-06  |ddm|= 8.44e-05
  HOMO = -0.356629287457516  LUMO = -0.158180869445129
cycle= 8 E= -108.067474319887  delta_E= -1.13e-11  |g|= 1.6e-06  |ddm|= 6.26e-06
  HOMO = -0.356629390224211  LUMO = -0.158180952516156
Extra cycle  E= -108.067474319856  delta_E= 3.13e-11  |g|= 1.27e-05  |ddm|= 4.41e-06
converged SCF energy = -108.067474319856

******** <class 'pyscf.cc.ccsd.CCSD'> ********
CC2 = 0
CCSD nocc = 7, nmo = 60
max_cycle = 50
direct = 0
conv_tol = 1e-07
conv_tol_normt = 1e-05
diis_space = 6
diis_start_cycle = 0
diis_start_energy_diff = 1e+09
max_memory 4000 MB (current use 204 MB)
Init t2, MP2 energy = -109.777033148168  E_corr(MP2) -1.70955882831207
Init E_corr(CCSD) = -1.70955882792409
cycle = 1  E_corr(CCSD) = 1.9116079199449  dE = 3.62116675  norm(t1,t2) = 2.85963
cycle = 2  E_corr(CCSD) = -10.9871777449355  dE = -12.8987857  norm(t1,t2) = 10.3278
cycle = 3  E_corr(CCSD) = -12.5501742206756  dE = -1.56299648  norm(t1,t2) = 22.2831
cycle = 4  E_corr(CCSD) = -2.30318735302941  dE = 10.2469869  norm(t1,t2) = 128.923
cycle = 5  E_corr(CCSD) = 1.35825758813596  dE = 3.66144494  norm(t1,t2) = 31.8995
cycle = 6  E_corr(CCSD) = -0.152593771482936  dE = -1.51085136  norm(t1,t2) = 24.132
cycle = 7  E_corr(CCSD) = 1.21782994355868  dE = 1.37042372  norm(t1,t2) = 12.7181
cycle = 8  E_corr(CCSD) = -4.21294700584683  dE = -5.43077695  norm(t1,t2) = 14.4836
cycle = 9  E_corr(CCSD) = 2.04084967739126  dE = 6.25379668  norm(t1,t2) = 133.995
cycle = 10  E_corr(CCSD) = -6.7564375756643  dE = -8.79728725  norm(t1,t2) = 78.8603
cycle = 11  E_corr(CCSD) = -7.97497832667091  dE = -1.21854075  norm(t1,t2) = 287.331
cycle = 12  E_corr(CCSD) = -1.37153798359874  dE = 6.60344034  norm(t1,t2) = 484.725
cycle = 13  E_corr(CCSD) = -7.58374837346775  dE = -6.21221039  norm(t1,t2) = 126.998
cycle = 14  E_corr(CCSD) = 42.259058762674  dE = 49.8428071  norm(t1,t2) = 670.261
cycle = 15  E_corr(CCSD) = 2.38940747179216  dE = -39.8696513  norm(t1,t2) = 1270.2
cycle = 16  E_corr(CCSD) = 23.4783896489313  dE = 21.0889822  norm(t1,t2) = 182.84
cycle = 17  E_corr(CCSD) = 800.992996447142  dE = 777.514607  norm(t1,t2) = 295.939
cycle = 18  E_corr(CCSD) = 180.948784376228  dE = -620.044212  norm(t1,t2) = 217455
cycle = 19  E_corr(CCSD) = 2068.13440278616  dE = 1887.18562  norm(t1,t2) = 14823.5
cycle = 20  E_corr(CCSD) = 1583.77024160645  dE = -484.364161  norm(t1,t2) = 2.51394e+06
cycle = 21  E_corr(CCSD) = 553.514191811444  dE = -1030.25605  norm(t1,t2) = 6.83846e+06
cycle = 22  E_corr(CCSD) = 501.787354368061  dE = -51.7268374  norm(t1,t2) = 1.25533e+07
cycle = 23  E_corr(CCSD) = 4499567.15928824  dE = 4499065.37  norm(t1,t2) = 5.97719e+06
cycle = 24  E_corr(CCSD) = 0  dE = -4499567.16  norm(t1,t2) = 1.9075e+14
cycle = 25  E_corr(CCSD) = 0  dE = 0  norm(t1,t2) = 1.2201
cycle = 26  E_corr(CCSD) = 0  dE = 0  norm(t1,t2) = 1.2201
cycle = 27  E_corr(CCSD) = 0  dE = 0  norm(t1,t2) = 1.2201
cycle = 28  E_corr(CCSD) = 0  dE = 0  norm(t1,t2) = 1.2201
cycle = 29  E_corr(CCSD) = 0  dE = 0  norm(t1,t2) = 1.2201
cycle = 30  E_corr(CCSD) = -1.70955882792409  dE = -1.70955883  norm(t1,t2) = 1.2201
cycle = 31  E_corr(CCSD) = -0.64676656130445  dE = 1.06279227  norm(t1,t2) = 2.85963
cycle = 32  E_corr(CCSD) = -0.594517449625436  dE = 0.0522491117  norm(t1,t2) = 0.237868
cycle = 33  E_corr(CCSD) = -0.60865353530815  dE = -0.0141360857  norm(t1,t2) = 0.367625
cycle = 34  E_corr(CCSD) = -0.598011727647277  dE = 0.0106418077  norm(t1,t2) = 0.447064
cycle = 35  E_corr(CCSD) = -0.587369281238457  dE = 0.0106424464  norm(t1,t2) = 0.439073
cycle = 36  E_corr(CCSD) = -0.590524405284821  dE = -0.00315512405  norm(t1,t2) = 0.382607
cycle = 37  E_corr(CCSD) = -0.523121004655524  dE = 0.0674034006  norm(t1,t2) = 0.446512
cycle = 38  E_corr(CCSD) = -0.574941025606107  dE = -0.051820021  norm(t1,t2) = 0.753359
cycle = 39  E_corr(CCSD) = -0.570007016101736  dE = 0.0049340095  norm(t1,t2) = 0.416823
cycle = 40  E_corr(CCSD) = -0.571030675135325  dE = -0.00102365903  norm(t1,t2) = 0.504679
cycle = 41  E_corr(CCSD) = -0.622517545050959  dE = -0.0514868699  norm(t1,t2) = 0.432773
cycle = 42  E_corr(CCSD) = -0.61418927837361  dE = 0.00832826668  norm(t1,t2) = 0.385884
cycle = 43  E_corr(CCSD) = -0.632424271157889  dE = -0.0182349928  norm(t1,t2) = 0.404211
cycle = 44  E_corr(CCSD) = -0.628359127003159  dE = 0.00406514415  norm(t1,t2) = 0.354374
cycle = 45  E_corr(CCSD) = -0.658154222605629  dE = -0.0297950956  norm(t1,t2) = 0.672732
cycle = 46  E_corr(CCSD) = -0.575571412568438  dE = 0.08258281  norm(t1,t2) = 0.826754
cycle = 47  E_corr(CCSD) = -0.604405388526601  dE = -0.028833976  norm(t1,t2) = 0.72543
cycle = 48  E_corr(CCSD) = -0.601183892152316  dE = 0.00322149637  norm(t1,t2) = 0.399673
cycle = 49  E_corr(CCSD) = -0.544095760602127  dE = 0.0570881316  norm(t1,t2) = 0.411925
cycle = 50  E_corr(CCSD) = -0.589364096883585  dE = -0.0452683363  norm(t1,t2) = 0.616668
CCSD not converged
E(CCSD) = -108.6568384167396  E_corr = -0.5893640968835854

******** <class 'pyscf.ci.cisd.RCISD'> ********
CISD nocc = 7, nmo = 60
max_cycle = 50
direct = 0
conv_tol = 1e-09
max_cycle = 50
max_space = 12
lindep = 0
nroots = 1
max_memory 4000 MB (current use 165 MB)
Init t2, MP2 energy = -1.70955882831208
RCISD converged
E(RCISD) = -108.6502853896133  E_corr = -0.5828110697572672

******** <class 'pyscf.mp.mp2.MP2'> ********
nocc = 7, nmo = 60
max_memory 4000 MB (current use 204 MB)
E(MP2) = -109.777033175187  E_corr = -1.70955885533049
E(SCS-MP2) = -109.650277498447  E_corr = -1.58280317859082
E_corr(same-spin) = -0.540770132083578
E_corr(oppo-spin) = -1.16878872324691


******** <class 'pyscf.scf.hf.RHF'> ********
method = RHF
initial guess = minao
damping factor = 0
level_shift factor = 0
DIIS = <class 'pyscf.scf.diis.CDIIS'>
diis_start_cycle = 1
diis_space = 8
diis_damp = 0
SCF conv_tol = 1e-09
SCF conv_tol_grad = None
SCF max_cycles = 50
direct_scf = True
direct_scf_tol = 1e-13
chkfile to save SCF result = /tmp/tmpgss8w4iv
max_memory 4000 MB (current use 204 MB)
Set gradient conv threshold to 3.16228e-05
Initial guess from minao.
init E= -107.583713888169
  HOMO = -0.169834634110468  LUMO = -0.159378766697488
cycle= 1 E= -107.969214321977  delta_E= -0.386  |g|= 0.321  |ddm|=  1.3
  HOMO = -0.384196471914756  LUMO = -0.217379678310072
cycle= 2 E= -107.988906882266  delta_E= -0.0197  |g|= 0.112  |ddm|= 0.289
  HOMO = -0.340699710296089  LUMO = -0.172351651932414
cycle= 3 E= -107.991627160905  delta_E= -0.00272  |g|= 0.0131  |ddm|= 0.0691
  HOMO = -0.340821307788074  LUMO = -0.172198480739664
cycle= 4 E= -107.991723610081  delta_E= -9.64e-05  |g|= 0.00233  |ddm|= 0.0194
  HOMO = -0.341359439563405  LUMO = -0.172773267927724
cycle= 5 E= -107.991725790325  delta_E= -2.18e-06  |g|= 0.000338  |ddm|= 0.00291
  HOMO = -0.341301580742028  LUMO = -0.172706810836691
cycle= 6 E= -107.991725824264  delta_E= -3.39e-08  |g|= 7.22e-05  |ddm|= 0.000311
  HOMO = -0.34129480031653  LUMO = -0.172698351106918
cycle= 7 E= -107.991725826068  delta_E= -1.8e-09  |g|= 3.77e-06  |ddm|= 7.9e-05
  HOMO = -0.341294686656599  LUMO = -0.172698271553442
cycle= 8 E= -107.991725826073  delta_E= -5.61e-12  |g|= 2.78e-06  |ddm|= 4.7e-06
  HOMO = -0.341294748742645  LUMO = -0.172698321013145
Extra cycle  E= -107.991725825909  delta_E= 1.64e-10  |g|= 2.93e-05  |ddm|= 9.54e-06
converged SCF energy = -107.991725825909

******** <class 'pyscf.cc.ccsd.CCSD'> ********
CC2 = 0
CCSD nocc = 7, nmo = 60
max_cycle = 50
direct = 0
conv_tol = 1e-07
conv_tol_normt = 1e-05
diis_space = 6
diis_start_cycle = 0
diis_start_energy_diff = 1e+09
max_memory 4000 MB (current use 204 MB)
Init t2, MP2 energy = -110.164338660963  E_corr(MP2) -2.17261283505389
Init E_corr(CCSD) = -2.1726128313848
cycle = 1  E_corr(CCSD) = 3.74588930314313  dE = 5.91850213  norm(t1,t2) = 4.53313
cycle = 2  E_corr(CCSD) = -26.6349464675509  dE = -30.3808358  norm(t1,t2) = 22.5854
cycle = 3  E_corr(CCSD) = -1.36374301737527  dE = 25.2712035  norm(t1,t2) = 214.112
cycle = 4  E_corr(CCSD) = 2.85326104215677  dE = 4.21700406  norm(t1,t2) = 128.234
cycle = 5  E_corr(CCSD) = 1.69991054702248  dE = -1.1533505  norm(t1,t2) = 95.1343
cycle = 6  E_corr(CCSD) = -1.22265573971996  dE = -2.92256629  norm(t1,t2) = 88.6499
cycle = 7  E_corr(CCSD) = -3.76085625024117  dE = -2.53820051  norm(t1,t2) = 124.893
cycle = 8  E_corr(CCSD) = 151.887527165347  dE = 155.648383  norm(t1,t2) = 108.446
cycle = 9  E_corr(CCSD) = 1463.06677422958  dE = 1311.17925  norm(t1,t2) = 29554.3
cycle = 10  E_corr(CCSD) = 867.621621922212  dE = -595.445152  norm(t1,t2) = 309131
cycle = 11  E_corr(CCSD) = 46.5574807707251  dE = -821.064141  norm(t1,t2) = 139569
cycle = 12  E_corr(CCSD) = 1221.18573972136  dE = 1174.62826  norm(t1,t2) = 2534.4
cycle = 13  E_corr(CCSD) = 1889.60349155177  dE = 668.417752  norm(t1,t2) = 2.45885e+07
cycle = 14  E_corr(CCSD) = 1380927.4547175  dE = 1379037.85  norm(t1,t2) = 2.84844e+07
cycle = 15  E_corr(CCSD) = 0  dE = -1380927.45  norm(t1,t2) = 8.61308e+11
cycle = 16  E_corr(CCSD) = 0  dE = 0  norm(t1,t2) = 1.52461
cycle = 17  E_corr(CCSD) = 0  dE = 0  norm(t1,t2) = 1.52461
cycle = 18  E_corr(CCSD) = 0  dE = 0  norm(t1,t2) = 1.52461
cycle = 19  E_corr(CCSD) = 0  dE = 0  norm(t1,t2) = 1.52461
cycle = 20  E_corr(CCSD) = 0  dE = 0  norm(t1,t2) = 1.52461
cycle = 21  E_corr(CCSD) = -2.1726128313848  dE = -2.17261283  norm(t1,t2) = 1.52461
cycle = 22  E_corr(CCSD) = -0.710008205485603  dE = 1.46260463  norm(t1,t2) = 4.53313
cycle = 23  E_corr(CCSD) = -0.630425054154207  dE = 0.0795831513  norm(t1,t2) = 0.321451
cycle = 24  E_corr(CCSD) = -0.620843422542526  dE = 0.00958163161  norm(t1,t2) = 0.407143
cycle = 25  E_corr(CCSD) = -0.592668946152265  dE = 0.0281744764  norm(t1,t2) = 0.587047
cycle = 26  E_corr(CCSD) = -0.596378568673938  dE = -0.00370962252  norm(t1,t2) = 0.549117
cycle = 27  E_corr(CCSD) = -0.612618714819547  dE = -0.0162401461  norm(t1,t2) = 0.455861
cycle = 28  E_corr(CCSD) = -0.584722318166298  dE = 0.0278963967  norm(t1,t2) = 0.424901
cycle = 29  E_corr(CCSD) = -0.620537094177495  dE = -0.035814776  norm(t1,t2) = 0.748826
cycle = 30  E_corr(CCSD) = -0.625602299713961  dE = -0.00506520554  norm(t1,t2) = 0.41237
cycle = 31  E_corr(CCSD) = -0.610339368206278  dE = 0.0152629315  norm(t1,t2) = 0.69941
cycle = 32  E_corr(CCSD) = -0.610403224325523  dE = -6.38561192e-05  norm(t1,t2) = 0.513417
cycle = 33  E_corr(CCSD) = -0.601454204201262  dE = 0.00894902012  norm(t1,t2) = 0.517461
cycle = 34  E_corr(CCSD) = -0.60219275884158  dE = -0.00073855464  norm(t1,t2) = 0.583005
cycle = 35  E_corr(CCSD) = -0.588817085174796  dE = 0.0133756737  norm(t1,t2) = 0.624633
cycle = 36  E_corr(CCSD) = -0.605421274665352  dE = -0.0166041895  norm(t1,t2) = 0.639769
cycle = 37  E_corr(CCSD) = -0.659990509689048  dE = -0.054569235  norm(t1,t2) = 0.623873
cycle = 38  E_corr(CCSD) = -0.583655090030302  dE = 0.0763354197  norm(t1,t2) = 1.99856
cycle = 39  E_corr(CCSD) = -0.611691206070932  dE = -0.028036116  norm(t1,t2) = 0.851439
cycle = 40  E_corr(CCSD) = -0.619547092038227  dE = -0.00785588597  norm(t1,t2) = 0.858351
cycle = 41  E_corr(CCSD) = -0.685507489591955  dE = -0.0659603976  norm(t1,t2) = 1.90617
cycle = 42  E_corr(CCSD) = -0.639633365444319  dE = 0.0458741241  norm(t1,t2) = 0.541822
cycle = 43  E_corr(CCSD) = -0.621099702532316  dE = 0.0185336629  norm(t1,t2) = 0.413865
cycle = 44  E_corr(CCSD) = -0.660041200772301  dE = -0.0389414982  norm(t1,t2) = 0.666985
cycle = 45  E_corr(CCSD) = -0.660088831444502  dE = -4.76306722e-05  norm(t1,t2) = 0.384111
cycle = 46  E_corr(CCSD) = -0.653740872665712  dE = 0.00634795878  norm(t1,t2) = 0.386781
cycle = 47  E_corr(CCSD) = -0.660794161164362  dE = -0.0070532885  norm(t1,t2) = 0.395943
cycle = 48  E_corr(CCSD) = -0.553056822991936  dE = 0.107737338  norm(t1,t2) = 1.50458
cycle = 49  E_corr(CCSD) = -0.56174136576994  dE = -0.00868454278  norm(t1,t2) = 1.16589
cycle = 50  E_corr(CCSD) = -0.618914605134574  dE = -0.0571732394  norm(t1,t2) = 1.28778
CCSD not converged
E(CCSD) = -108.6106404310436  E_corr = -0.6189146051345737

******** <class 'pyscf.ci.cisd.RCISD'> ********
CISD nocc = 7, nmo = 60
max_cycle = 50
direct = 0
conv_tol = 1e-09
max_cycle = 50
max_space = 12
lindep = 0
nroots = 1
max_memory 4000 MB (current use 166 MB)
Init t2, MP2 energy = -2.1726128350539
RCISD converged
E(RCISD) = -108.6007194773213  E_corr = -0.6089936514122578

******** <class 'pyscf.mp.mp2.MP2'> ********
nocc = 7, nmo = 60
max_memory 4000 MB (current use 203 MB)
E(MP2) = -110.164338689261  E_corr = -2.17261286335199
E(SCS-MP2) = -109.991112968962  E_corr = -1.99938714305249
E_corr(same-spin) = -0.701248030349873
E_corr(oppo-spin) = -1.47136483300211


******** <class 'pyscf.scf.hf.RHF'> ********
method = RHF
initial guess = minao
damping factor = 0
level_shift factor = 0
DIIS = <class 'pyscf.scf.diis.CDIIS'>
diis_start_cycle = 1
diis_space = 8
diis_damp = 0
SCF conv_tol = 1e-09
SCF conv_tol_grad = None
SCF max_cycles = 50
direct_scf = True
direct_scf_tol = 1e-13
chkfile to save SCF result = /tmp/tmp4c7fts40
max_memory 4000 MB (current use 203 MB)
Set gradient conv threshold to 3.16228e-05
Initial guess from minao.
init E= -107.582604202989
  HOMO = -0.167062990733785  LUMO = -0.162154846892449
cycle= 1 E= -107.919333633953  delta_E= -0.337  |g|= 0.309  |ddm|= 1.32
  HOMO = -0.371036906490318  LUMO = -0.224749678633619
cycle= 2 E= -107.937161747805  delta_E= -0.0178  |g|= 0.11  |ddm|= 0.281
  HOMO = -0.328577979779042  LUMO = -0.181328935370971
cycle= 3 E= -107.93976885736  delta_E= -0.00261  |g|= 0.011  |ddm|= 0.0704
  HOMO = -0.32871114270788  LUMO = -0.181265171891324
cycle= 4 E= -107.939831753939  delta_E= -6.29e-05  |g|= 0.00187  |ddm|= 0.0164
  HOMO = -0.329155259428322  LUMO = -0.181738913058805
cycle= 5 E= -107.939833112061  delta_E= -1.36e-06  |g|= 0.000285  |ddm|= 0.00231
  HOMO = -0.329109749329592  LUMO = -0.181686112092567
cycle= 6 E= -107.939833139088  delta_E= -2.7e-08  |g|= 5.75e-05  |ddm|= 0.000279
  HOMO = -0.329105232696548  LUMO = -0.181680640742819
cycle= 7 E= -107.93983314027  delta_E= -1.18e-09  |g|= 3.39e-06  |ddm|= 6.61e-05
  HOMO = -0.329105084184071  LUMO = -0.181680514383263
cycle= 8 E= -107.939833140155  delta_E= 1.15e-10  |g|= 2.53e-05  |ddm|= 8.5e-06
  HOMO = -0.329105110463436  LUMO = -0.181680532870576
Extra cycle  E= -107.939833119727  delta_E= 2.04e-08  |g|= 0.000331  |ddm|= 0.000103
converged SCF energy = -107.939833119727

******** <class 'pyscf.cc.ccsd.CCSD'> ********
CC2 = 0
CCSD nocc = 7, nmo = 60
max_cycle = 50
direct = 0
conv_tol = 1e-07
conv_tol_normt = 1e-05
diis_space = 6
diis_start_cycle = 0
diis_start_energy_diff = 1e+09
max_memory 4000 MB (current use 203 MB)
Init t2, MP2 energy = -110.600204279711  E_corr(MP2) -2.66037115998375
Init E_corr(CCSD) = -2.66037043686984
cycle = 1  E_corr(CCSD) = 6.0332600281213  dE = 8.69363046  norm(t1,t2) = 6.49833
cycle = 2  E_corr(CCSD) = -56.2002764675614  dE = -62.2335365  norm(t1,t2) = 43.2639
cycle = 3  E_corr(CCSD) = -17.9922110404137  dE = 38.2080654  norm(t1,t2) = 1891.56
cycle = 4  E_corr(CCSD) = -5.28499947217657  dE = 12.7072116  norm(t1,t2) = 1638.08
cycle = 5  E_corr(CCSD) = 3.91999282949369  dE = 9.2049923  norm(t1,t2) = 1269.87
cycle = 6  E_corr(CCSD) = 4.79884225250077  dE = 0.878849423  norm(t1,t2) = 270.862
cycle = 7  E_corr(CCSD) = 13.1425245303814  dE = 8.34368228  norm(t1,t2) = 265.334
cycle = 8  E_corr(CCSD) = 326.314856029693  dE = 313.172331  norm(t1,t2) = 251.307
cycle = 9  E_corr(CCSD) = 13817.395564122  dE = 13491.0807  norm(t1,t2) = 743411
cycle = 10  E_corr(CCSD) = 0  dE = -13817.3956  norm(t1,t2) = 1.77184e+08
cycle = 11  E_corr(CCSD) = 0  dE = 0  norm(t1,t2) = 1.83508
cycle = 12  E_corr(CCSD) = 0  dE = 0  norm(t1,t2) = 1.83508
cycle = 13  E_corr(CCSD) = 0  dE = 0  norm(t1,t2) = 1.83508
cycle = 14  E_corr(CCSD) = 0  dE = 0  norm(t1,t2) = 1.83508
cycle = 15  E_corr(CCSD) = 0  dE = 0  norm(t1,t2) = 1.83508
cycle = 16  E_corr(CCSD) = -2.66037043686987  dE = -2.66037044  norm(t1,t2) = 1.83508
cycle = 17  E_corr(CCSD) = -0.778074385379686  dE = 1.88229605  norm(t1,t2) = 6.49833
cycle = 18  E_corr(CCSD) = -0.674752638795993  dE = 0.103321747  norm(t1,t2) = 0.493573
cycle = 19  E_corr(CCSD) = -0.645892496636766  dE = 0.0288601422  norm(t1,t2) = 0.37208
cycle = 20  E_corr(CCSD) = -0.640359802482831  dE = 0.00553269415  norm(t1,t2) = 0.617979
cycle = 21  E_corr(CCSD) = -0.632984468274082  dE = 0.00737533421  norm(t1,t2) = 0.613719
cycle = 22  E_corr(CCSD) = -0.638099054257093  dE = -0.00511458598  norm(t1,t2) = 0.597658
cycle = 23  E_corr(CCSD) = -0.625173783354857  dE = 0.0129252709  norm(t1,t2) = 0.462036
cycle = 24  E_corr(CCSD) = -0.592548187100416  dE = 0.0326255963  norm(t1,t2) = 0.767169
cycle = 25  E_corr(CCSD) = -0.589875107602755  dE = 0.0026730795  norm(t1,t2) = 0.983409
cycle = 26  E_corr(CCSD) = -0.610908841556252  dE = -0.021033734  norm(t1,t2) = 0.642497
cycle = 27  E_corr(CCSD) = -0.616208395002581  dE = -0.00529955345  norm(t1,t2) = 0.620792
cycle = 28  E_corr(CCSD) = -0.622577631898619  dE = -0.0063692369  norm(t1,t2) = 0.76142
cycle = 29  E_corr(CCSD) = -0.626132681390749  dE = -0.00355504949  norm(t1,t2) = 0.64267
cycle = 30  E_corr(CCSD) = -0.683952491513673  dE = -0.0578198101  norm(t1,t2) = 0.788858
cycle = 31  E_corr(CCSD) = -0.670718765485049  dE = 0.013233726  norm(t1,t2) = 2.00312
cycle = 32  E_corr(CCSD) = -0.711263735159404  dE = -0.0405449697  norm(t1,t2) = 2.74325
cycle = 33  E_corr(CCSD) = -0.688980196633708  dE = 0.0222835385  norm(t1,t2) = 1.47225
cycle = 34  E_corr(CCSD) = -0.690096428901199  dE = -0.00111623227  norm(t1,t2) = 1.15345
cycle = 35  E_corr(CCSD) = -0.702999191612227  dE = -0.0129027627  norm(t1,t2) = 0.829921
cycle = 36  E_corr(CCSD) = -0.725518037230659  dE = -0.0225188456  norm(t1,t2) = 0.651349
cycle = 37  E_corr(CCSD) = -0.66015994863375  dE = 0.0653580886  norm(t1,t2) = 0.58144
cycle = 38  E_corr(CCSD) = -0.689899412356059  dE = -0.0297394637  norm(t1,t2) = 0.937046
cycle = 39  E_corr(CCSD) = -0.774446092765734  dE = -0.0845466804  norm(t1,t2) = 0.537026
cycle = 40  E_corr(CCSD) = -0.74353165669229  dE = 0.0309144361  norm(t1,t2) = 0.520238
cycle = 41  E_corr(CCSD) = -0.738877623630521  dE = 0.00465403306  norm(t1,t2) = 1.40976
cycle = 42  E_corr(CCSD) = -0.746865925247063  dE = -0.00798830162  norm(t1,t2) = 1.32108
cycle = 43  E_corr(CCSD) = -0.764812835071484  dE = -0.0179469098  norm(t1,t2) = 1.7616
cycle = 44  E_corr(CCSD) = -0.680228817028074  dE = 0.084584018  norm(t1,t2) = 2.19147
cycle = 45  E_corr(CCSD) = -0.64779524117165  dE = 0.0324335759  norm(t1,t2) = 0.700404
cycle = 46  E_corr(CCSD) = -0.63552075294566  dE = 0.0122744882  norm(t1,t2) = 0.963231
cycle = 47  E_corr(CCSD) = -0.693280744130296  dE = -0.0577599912  norm(t1,t2) = 1.61916
cycle = 48  E_corr(CCSD) = -0.6532716547408  dE = 0.0400090894  norm(t1,t2) = 0.769972
cycle = 49  E_corr(CCSD) = -0.664664576852016  dE = -0.0113929221  norm(t1,t2) = 0.914177
cycle = 50  E_corr(CCSD) = -0.651364305208199  dE = 0.0133002716  norm(t1,t2) = 0.817317
CCSD not converged
E(CCSD) = -108.5911974249354  E_corr = -0.651364305208199

******** <class 'pyscf.ci.cisd.RCISD'> ********
CISD nocc = 7, nmo = 60
max_cycle = 50
direct = 0
conv_tol = 1e-09
max_cycle = 50
max_space = 12
lindep = 0
nroots = 1
max_memory 4000 MB (current use 203 MB)
Init t2, MP2 energy = -2.66037115998375
RCISD not converged
E(RCISD) = -107.7905835840639  E_corr = 0.1492495356632149

******** <class 'pyscf.mp.mp2.MP2'> ********
nocc = 7, nmo = 60
max_memory 4000 MB (current use 205 MB)
E(MP2) = -110.60020410493  E_corr = -2.66037098520307
E(SCS-MP2) = -110.376804524153  E_corr = -2.43697140442535
E_corr(same-spin) = -0.871700512867316
E_corr(oppo-spin) = -1.78867047233576


******** <class 'pyscf.scf.hf.RHF'> ********
method = RHF
initial guess = minao
damping factor = 0
level_shift factor = 0
DIIS = <class 'pyscf.scf.diis.CDIIS'>
diis_start_cycle = 1
diis_space = 8
diis_damp = 0
SCF conv_tol = 1e-09
SCF conv_tol_grad = None
SCF max_cycles = 50
direct_scf = True
direct_scf_tol = 1e-13
chkfile to save SCF result = /tmp/tmptuzu8nli
max_memory 4000 MB (current use 205 MB)
Set gradient conv threshold to 3.16228e-05
Initial guess from minao.
init E= -107.582318747967
  HOMO = -0.165727069137465  LUMO = -0.163515716017413
cycle= 1 E= -107.88434748647  delta_E= -0.302  |g|= 0.299  |ddm|= 1.33
  HOMO = -0.359805705740274  LUMO = -0.229000001278267
cycle= 2 E= -107.900672529821  delta_E= -0.0163  |g|= 0.108  |ddm|= 0.273
  HOMO = -0.31855164224717  LUMO = -0.187125194028904
cycle= 3 E= -107.90313145144  delta_E= -0.00246  |g|= 0.00937  |ddm|= 0.0699
  HOMO = -0.318593929009496  LUMO = -0.187022245682046
cycle= 4 E= -107.903172559246  delta_E= -4.11e-05  |g|= 0.00146  |ddm|= 0.0135
  HOMO = -0.318946222268979  LUMO = -0.187397784877344
cycle= 5 E= -107.903173327279  delta_E= -7.68e-07  |g|= 0.000232  |ddm|= 0.00167
  HOMO = -0.318911818728301  LUMO = -0.187357834839466
cycle= 6 E= -107.903173347053  delta_E= -1.98e-08  |g|= 4.55e-05  |ddm|= 0.00024
  HOMO = -0.318908779793359  LUMO = -0.187354262557743
cycle= 7 E= -107.903173346206  delta_E= 8.48e-10  |g|= 9.28e-05  |ddm|= 5.83e-05
  HOMO = -0.318908757272706  LUMO = -0.187354239377124
cycle= 8 E= -107.903173347669  delta_E= -1.46e-09  |g|= 2.56e-05  |ddm|= 3.33e-05
  HOMO = -0.318908589592849  LUMO = -0.187354085488083
cycle= 9 E= -107.903173347791  delta_E= -1.22e-10  |g|= 3.36e-07  |ddm|= 7.6e-06
  HOMO = -0.318908599902832  LUMO = -0.187354091473934
Extra cycle  E= -107.903173347791  delta_E= 2.84e-14  |g|= 2.15e-07  |ddm|= 3.55e-07
converged SCF energy = -107.903173347791

******** <class 'pyscf.cc.ccsd.CCSD'> ********
CC2 = 0
CCSD nocc = 7, nmo = 60
max_cycle = 50
direct = 0
conv_tol = 1e-07
conv_tol_normt = 1e-05
diis_space = 6
diis_start_cycle = 0
diis_start_energy_diff = 1e+09
max_memory 4000 MB (current use 205 MB)
Init t2, MP2 energy = -111.064191039018  E_corr(MP2) -3.16101769122669
Init E_corr(CCSD) = -3.16101769122633
cycle = 1  E_corr(CCSD) = 8.64439740872594  dE = 11.8054151  norm(t1,t2) = 8.67312
cycle = 2  E_corr(CCSD) = -105.885273458733  dE = -114.529671  norm(t1,t2) = 74.7059
cycle = 3  E_corr(CCSD) = -66.0385542788347  dE = 39.8467192  norm(t1,t2) = 11219.5
cycle = 4  E_corr(CCSD) = -19.7908113924378  dE = 46.2477429  norm(t1,t2) = 14402.4
cycle = 5  E_corr(CCSD) = 2.72550171409734  dE = 22.5163131  norm(t1,t2) = 2125.15
cycle = 6  E_corr(CCSD) = 2.59003613238406  dE = -0.135465582  norm(t1,t2) = 168.511
cycle = 7  E_corr(CCSD) = 5.98702777191578  dE = 3.39699164  norm(t1,t2) = 71.222
cycle = 8  E_corr(CCSD) = 30.4319364140456  dE = 24.4449086  norm(t1,t2) = 93.8487
cycle = 9  E_corr(CCSD) = 101.162132384519  dE = 70.730196  norm(t1,t2) = 1278.15
cycle = 10  E_corr(CCSD) = 23.5207481260666  dE = -77.6413843  norm(t1,t2) = 21909.8
cycle = 11  E_corr(CCSD) = -18.0454308698285  dE = -41.566179  norm(t1,t2) = 1124.42
cycle = 12  E_corr(CCSD) = -15.0580260802729  dE = 2.98740479  norm(t1,t2) = 5292
cycle = 13  E_corr(CCSD) = -56.9041058191086  dE = -41.8460797  norm(t1,t2) = 3287.96
cycle = 14  E_corr(CCSD) = 4185.28867225551  dE = 4242.19278  norm(t1,t2) = 79116.5
cycle = 15  E_corr(CCSD) = 134.070312829961  dE = -4051.21836  norm(t1,t2) = 3.83313e+07
cycle = 16  E_corr(CCSD) = 862.350780410668  dE = 728.280468  norm(t1,t2) = 82714.5
cycle = 17  E_corr(CCSD) = 137.709960319237  dE = -724.64082  norm(t1,t2) = 242977
cycle = 18  E_corr(CCSD) = 346577.755238047  dE = 346440.045  norm(t1,t2) = 3.70443e+07
cycle = 19  E_corr(CCSD) = 0  dE = -346577.755  norm(t1,t2) = 3.76263e+11
cycle = 20  E_corr(CCSD) = 0  dE = 0  norm(t1,t2) = 2.14752
cycle = 21  E_corr(CCSD) = 0  dE = 0  norm(t1,t2) = 2.14752
cycle = 22  E_corr(CCSD) = 0  dE = 0  norm(t1,t2) = 2.14752
cycle = 23  E_corr(CCSD) = 0  dE = 0  norm(t1,t2) = 2.14752
cycle = 24  E_corr(CCSD) = 0  dE = 0  norm(t1,t2) = 2.14752
cycle = 25  E_corr(CCSD) = -3.16101769122643  dE = -3.16101769  norm(t1,t2) = 2.14752
cycle = 26  E_corr(CCSD) = -0.853360430738088  dE = 2.30765726  norm(t1,t2) = 8.67312
cycle = 27  E_corr(CCSD) = -0.727179572878981  dE = 0.126180858  norm(t1,t2) = 0.780522
cycle = 28  E_corr(CCSD) = -0.686550162976099  dE = 0.0406294099  norm(t1,t2) = 0.288697
cycle = 29  E_corr(CCSD) = -0.723465915261405  dE = -0.0369157523  norm(t1,t2) = 0.52529
cycle = 30  E_corr(CCSD) = -0.696951868747313  dE = 0.0265140465  norm(t1,t2) = 0.523215
cycle = 31  E_corr(CCSD) = -0.754173918733521  dE = -0.05722205  norm(t1,t2) = 0.435628
cycle = 32  E_corr(CCSD) = -0.478539357698321  dE = 0.275634561  norm(t1,t2) = 0.35527
cycle = 33  E_corr(CCSD) = -0.558078498700107  dE = -0.079539141  norm(t1,t2) = 4.83042
cycle = 34  E_corr(CCSD) = -0.554618320634778  dE = 0.00346017807  norm(t1,t2) = 0.981101
cycle = 35  E_corr(CCSD) = -0.592039828740825  dE = -0.0374215081  norm(t1,t2) = 1.05795
cycle = 36  E_corr(CCSD) = -0.615978789320843  dE = -0.0239389606  norm(t1,t2) = 0.885123
cycle = 37  E_corr(CCSD) = -0.64511604319995  dE = -0.0291372539  norm(t1,t2) = 0.776546
cycle = 38  E_corr(CCSD) = -0.700116316119834  dE = -0.0550002729  norm(t1,t2) = 0.874327
cycle = 39  E_corr(CCSD) = -0.664262043851158  dE = 0.0358542723  norm(t1,t2) = 1.72835
cycle = 40  E_corr(CCSD) = -0.662547301897189  dE = 0.00171474195  norm(t1,t2) = 1.04919
cycle = 41  E_corr(CCSD) = -0.72284562649166  dE = -0.0602983246  norm(t1,t2) = 1.05519
cycle = 42  E_corr(CCSD) = -0.724202102599413  dE = -0.00135647611  norm(t1,t2) = 0.495282
cycle = 43  E_corr(CCSD) = -0.697240971017729  dE = 0.0269611316  norm(t1,t2) = 0.628859
cycle = 44  E_corr(CCSD) = -0.692410921852792  dE = 0.00483004916  norm(t1,t2) = 0.80232
cycle = 45  E_corr(CCSD) = -0.701363343580924  dE = -0.00895242173  norm(t1,t2) = 1.13935
cycle = 46  E_corr(CCSD) = -0.705228437568529  dE = -0.00386509399  norm(t1,t2) = 0.543964
cycle = 47  E_corr(CCSD) = -0.713991264504998  dE = -0.00876282694  norm(t1,t2) = 0.551987
cycle = 48  E_corr(CCSD) = -0.716085721234935  dE = -0.00209445673  norm(t1,t2) = 0.755979
cycle = 49  E_corr(CCSD) = -0.707241110400664  dE = 0.00884461083  norm(t1,t2) = 0.58626
cycle = 50  E_corr(CCSD) = -0.702001462144175  dE = 0.00523964826  norm(t1,t2) = 0.566218
CCSD not converged
E(CCSD) = -108.6051748099354  E_corr = -0.7020014621441749

******** <class 'pyscf.ci.cisd.RCISD'> ********
CISD nocc = 7, nmo = 60
max_cycle = 50
direct = 0
conv_tol = 1e-09
max_cycle = 50
max_space = 12
lindep = 0
nroots = 1
max_memory 4000 MB (current use 205 MB)
Init t2, MP2 energy = -3.16101769122669
RCISD converged
E(RCISD) = -108.5481079870411  E_corr = -0.6449346392499482

******** <class 'pyscf.mp.mp2.MP2'> ********
nocc = 7, nmo = 60
max_memory 4000 MB (current use 205 MB)
E(MP2) = -111.06419106389  E_corr = -3.16101771609907
E(SCS-MP2) = -110.788572587252  E_corr = -2.8853992394612
E_corr(same-spin) = -1.04748694598964
E_corr(oppo-spin) = -2.11353077010943


******** <class 'pyscf.scf.hf.RHF'> ********
method = RHF
initial guess = minao
damping factor = 0
level_shift factor = 0
DIIS = <class 'pyscf.scf.diis.CDIIS'>
diis_start_cycle = 1
diis_space = 8
diis_damp = 0
SCF conv_tol = 1e-09
SCF conv_tol_grad = None
SCF max_cycles = 50
direct_scf = True
direct_scf_tol = 1e-13
chkfile to save SCF result = /tmp/tmp24ic0g32
max_memory 4000 MB (current use 205 MB)
Set gradient conv threshold to 3.16228e-05
Initial guess from minao.
init E= -107.582181210569

WARN: HOMO -0.164747832952962 == LUMO -0.164524171604439

cycle= 1 E= -107.832501039447  delta_E= -0.25  |g|= 0.285  |ddm|= 1.34
  HOMO = -0.340610815139634  LUMO = -0.236250521426267
cycle= 2 E= -107.846914495112  delta_E= -0.0144  |g|= 0.104  |ddm|= 0.26
  HOMO = -0.301368382173539  LUMO = -0.196721560054844
cycle= 3 E= -107.849182647873  delta_E= -0.00227  |g|= 0.00769  |ddm|= 0.0682
  HOMO = -0.30128750131557  LUMO = -0.196559055579023
cycle= 4 E= -107.849205192495  delta_E= -2.25e-05  |g|= 0.000912  |ddm|= 0.0104
  HOMO = -0.30151318901827  LUMO = -0.196800502878498
cycle= 5 E= -107.849205430886  delta_E= -2.38e-07  |g|= 0.000142  |ddm|= 0.000844
  HOMO = -0.30149589684337  LUMO = -0.196780653372485
cycle= 6 E= -107.849205438918  delta_E= -8.03e-09  |g|= 6.43e-05  |ddm|= 0.000156
  HOMO = -0.301495009958116  LUMO = -0.196779671428294
cycle= 7 E= -107.849205346926  delta_E= 9.2e-08  |g|= 0.000724  |ddm|= 0.000211
  HOMO = -0.301494344578533  LUMO = -0.196778938686841
cycle= 8 E= -107.849205439779  delta_E= -9.29e-08  |g|= 1.71e-06  |ddm|= 0.000196
  HOMO = -0.301494210155622  LUMO = -0.196778809671485
cycle= 9 E= -107.84920543978  delta_E= -1.11e-12  |g|= 2.37e-07  |ddm|= 1.47e-06
  HOMO = -0.301494215895834  LUMO = -0.196778813983501
Extra cycle  E= -107.84920543978  delta_E= -3.27e-13  |g|= 7.97e-07  |ddm|= 1.04e-06
converged SCF energy = -107.84920543978

******** <class 'pyscf.cc.ccsd.CCSD'> ********
CC2 = 0
CCSD nocc = 7, nmo = 60
max_cycle = 50
direct = 0
conv_tol = 1e-07
conv_tol_normt = 1e-05
diis_space = 6
diis_start_cycle = 0
diis_start_energy_diff = 1e+09
max_memory 4000 MB (current use 205 MB)
Init t2, MP2 energy = -112.245082599009  E_corr(MP2) -4.3958771592289
Init E_corr(CCSD) = -4.39587715923203
cycle = 1  E_corr(CCSD) = 15.6305292193429  dE = 20.0264064  norm(t1,t2) = 14.6176
cycle = 2  E_corr(CCSD) = -330.875171976218  dE = -346.505701  norm(t1,t2) = 209.619
cycle = 3  E_corr(CCSD) = -308.622752957311  dE = 22.252419  norm(t1,t2) = 310830
cycle = 4  E_corr(CCSD) = -59.1293147817971  dE = 249.493438  norm(t1,t2) = 343920
cycle = 5  E_corr(CCSD) = 7.24983730209505  dE = 66.3791521  norm(t1,t2) = 23653
cycle = 6  E_corr(CCSD) = 6.49100606551248  dE = -0.758831237  norm(t1,t2) = 1002.11
cycle = 7  E_corr(CCSD) = 12.0580311867285  dE = 5.56702512  norm(t1,t2) = 196.26
cycle = 8  E_corr(CCSD) = -269.287325148409  dE = -281.345356  norm(t1,t2) = 555.772
cycle = 9  E_corr(CCSD) = -431.723452497767  dE = -162.436127  norm(t1,t2) = 5.33407e+06
cycle = 10  E_corr(CCSD) = -72.5949335216393  dE = 359.128519  norm(t1,t2) = 5.12522e+06
cycle = 11  E_corr(CCSD) = 297.120786514467  dE = 369.71572  norm(t1,t2) = 3.36216e+06
cycle = 12  E_corr(CCSD) = 200.68461012499  dE = -96.4361764  norm(t1,t2) = 7.56413e+06
cycle = 13  E_corr(CCSD) = 25101.408374646  dE = 24900.7238  norm(t1,t2) = 5.93023e+06
cycle = 14  E_corr(CCSD) = 0  dE = -25101.4084  norm(t1,t2) = 1.12106e+09
cycle = 15  E_corr(CCSD) = 0  dE = 0  norm(t1,t2) = 2.90765
cycle = 16  E_corr(CCSD) = 0  dE = 0  norm(t1,t2) = 2.90765
cycle = 17  E_corr(CCSD) = 0  dE = 0  norm(t1,t2) = 2.90765
cycle = 18  E_corr(CCSD) = 0  dE = 0  norm(t1,t2) = 2.90765
cycle = 19  E_corr(CCSD) = 0  dE = 0  norm(t1,t2) = 2.90765
cycle = 20  E_corr(CCSD) = -4.39587715923266  dE = -4.39587716  norm(t1,t2) = 2.90765
cycle = 21  E_corr(CCSD) = -1.11821061374501  dE = 3.27766655  norm(t1,t2) = 14.6176
cycle = 22  E_corr(CCSD) = -0.879331592591471  dE = 0.238879021  norm(t1,t2) = 2.18675
cycle = 23  E_corr(CCSD) = -0.790727588590984  dE = 0.088604004  norm(t1,t2) = 0.777482
cycle = 24  E_corr(CCSD) = -0.769540932558043  dE = 0.021186656  norm(t1,t2) = 0.447587
cycle = 25  E_corr(CCSD) = -0.732612112663213  dE = 0.0369288199  norm(t1,t2) = 0.46247
cycle = 26  E_corr(CCSD) = -0.664527905336669  dE = 0.0680842073  norm(t1,t2) = 0.52372
cycle = 27  E_corr(CCSD) = -0.677770381815583  dE = -0.0132424765  norm(t1,t2) = 0.679311
cycle = 28  E_corr(CCSD) = -0.751581331184766  dE = -0.0738109494  norm(t1,t2) = 0.687079
cycle = 29  E_corr(CCSD) = -0.692519515201638  dE = 0.059061816  norm(t1,t2) = 26.6308
cycle = 30  E_corr(CCSD) = -0.686281899759845  dE = 0.00623761544  norm(t1,t2) = 9.12613
cycle = 31  E_corr(CCSD) = -0.726364916756094  dE = -0.040083017  norm(t1,t2) = 3.44762
cycle = 32  E_corr(CCSD) = -0.740060428911337  dE = -0.0136955122  norm(t1,t2) = 4.53485
cycle = 33  E_corr(CCSD) = -0.891901235859329  dE = -0.151840807  norm(t1,t2) = 1.99999
cycle = 34  E_corr(CCSD) = -0.779254901876408  dE = 0.112646334  norm(t1,t2) = 0.684747
cycle = 35  E_corr(CCSD) = -0.758719848622713  dE = 0.0205350533  norm(t1,t2) = 1.24274
cycle = 36  E_corr(CCSD) = -0.715212311635532  dE = 0.043507537  norm(t1,t2) = 1.15987
cycle = 37  E_corr(CCSD) = -0.796336345913605  dE = -0.0811240343  norm(t1,t2) = 2.06478
cycle = 38  E_corr(CCSD) = -0.823996643795273  dE = -0.0276602979  norm(t1,t2) = 0.791033
cycle = 39  E_corr(CCSD) = -0.853849257643264  dE = -0.0298526138  norm(t1,t2) = 2.93118
cycle = 40  E_corr(CCSD) = -0.786651132445439  dE = 0.0671981252  norm(t1,t2) = 1.35197
cycle = 41  E_corr(CCSD) = -0.689344657430269  dE = 0.097306475  norm(t1,t2) = 0.817916
cycle = 42  E_corr(CCSD) = -0.761573629382733  dE = -0.072228972  norm(t1,t2) = 1.12755
cycle = 43  E_corr(CCSD) = -0.755105712992745  dE = 0.00646791639  norm(t1,t2) = 0.921994
cycle = 44  E_corr(CCSD) = -0.754344962575845  dE = 0.000760750417  norm(t1,t2) = 1.29951
cycle = 45  E_corr(CCSD) = -0.785439376161531  dE = -0.0310944136  norm(t1,t2) = 1.49006
cycle = 46  E_corr(CCSD) = -0.7964631189057  dE = -0.0110237427  norm(t1,t2) = 0.720703
cycle = 47  E_corr(CCSD) = -0.786598143702759  dE = 0.0098649752  norm(t1,t2) = 0.694264
cycle = 48  E_corr(CCSD) = -0.781805804301543  dE = 0.0047923394  norm(t1,t2) = 1.07802
cycle = 49  E_corr(CCSD) = -0.775297463100734  dE = 0.0065083412  norm(t1,t2) = 1.54128
cycle = 50  E_corr(CCSD) = -0.729591870863475  dE = 0.0457055922  norm(t1,t2) = 1.24322
CCSD not converged
E(CCSD) = -108.5787973106438  E_corr = -0.7295918708634748

******** <class 'pyscf.ci.cisd.RCISD'> ********
CISD nocc = 7, nmo = 60
max_cycle = 50
direct = 0
conv_tol = 1e-09
max_cycle = 50
max_space = 12
lindep = 0
nroots = 1
max_memory 4000 MB (current use 156 MB)
Init t2, MP2 energy = -4.39587715922889
RCISD converged
E(RCISD) = -108.5199790072785  E_corr = -0.6707735674981388

******** <class 'pyscf.mp.mp2.MP2'> ********
nocc = 7, nmo = 60
max_memory 4000 MB (current use 203 MB)
E(MP2) = -112.245082622977  E_corr = -4.39587718319625
E(SCS-MP2) = -111.839289872596  E_corr = -3.99008443281594
E_corr(same-spin) = -1.48265560040718
E_corr(oppo-spin) = -2.91322158278907


******** <class 'pyscf.scf.hf.RHF'> ********
method = RHF
initial guess = minao
damping factor = 0
level_shift factor = 0
DIIS = <class 'pyscf.scf.diis.CDIIS'>
diis_start_cycle = 1
diis_space = 8
diis_damp = 0
SCF conv_tol = 1e-09
SCF conv_tol_grad = None
SCF max_cycles = 50
direct_scf = True
direct_scf_tol = 1e-13
chkfile to save SCF result = /tmp/tmpxfl0x2o1
max_memory 4000 MB (current use 203 MB)
Set gradient conv threshold to 3.16228e-05
Initial guess from minao.
init E= -107.582178562933

WARN: HOMO -0.164634830957995 == LUMO -0.164621541916924

cycle= 1 E= -107.804091197518  delta_E= -0.222  |g|= 0.282  |ddm|= 1.34
  HOMO = -0.330746138394629  LUMO = -0.243560317639732
cycle= 2 E= -107.81804534108  delta_E= -0.014  |g|= 0.104  |ddm|= 0.259
  HOMO = -0.29187747888258  LUMO = -0.204489610040659
cycle= 3 E= -107.820343571308  delta_E= -0.0023  |g|= 0.00743  |ddm|= 0.0691
  HOMO = -0.291819520622813  LUMO = -0.204372330144542
cycle= 4 E= -107.820362745107  delta_E= -1.92e-05  |g|= 0.000711  |ddm|= 0.00989
  HOMO = -0.292003124790536  LUMO = -0.204568772183784
cycle= 5 E= -107.820362863296  delta_E= -1.18e-07  |g|= 0.000228  |ddm|= 0.000606
  HOMO = -0.291997035628181  LUMO = -0.204561776195314
cycle= 6 E= -107.820359338982  delta_E= 3.52e-06  |g|= 0.00452  |ddm|= 0.00124
  HOMO = -0.291993936672591  LUMO = -0.204558292846213
cycle= 7 E= -107.820362874865  delta_E= -3.54e-06  |g|= 2.02e-05  |ddm|= 0.00119
  HOMO = -0.291993004598785  LUMO = -0.20455728402133
cycle= 8 E= -107.820362875004  delta_E= -1.39e-10  |g|= 3.26e-06  |ddm|= 2.01e-05
  HOMO = -0.291992899963985  LUMO = -0.204557180813655
Extra cycle  E= -107.820362875327  delta_E= -3.23e-10  |g|= 1.74e-05  |ddm|= 2.37e-05
converged SCF energy = -107.820362875327

******** <class 'pyscf.cc.ccsd.CCSD'> ********
CC2 = 0
CCSD nocc = 7, nmo = 60
max_cycle = 50
direct = 0
conv_tol = 1e-07
conv_tol_normt = 1e-05
diis_space = 6
diis_start_cycle = 0
diis_start_energy_diff = 1e+09
max_memory 4000 MB (current use 203 MB)
Init t2, MP2 energy = -113.401622088398  E_corr(MP2) -5.58125921307089
Init E_corr(CCSD) = -5.58125921604009
cycle = 1  E_corr(CCSD) = 21.8814022081082  dE = 27.4626614  norm(t1,t2) = 20.7695
cycle = 2  E_corr(CCSD) = -662.226991826015  dE = -684.108394  norm(t1,t2) = 515.804
cycle = 3  E_corr(CCSD) = -764.106160689687  dE = -101.879169  norm(t1,t2) = 2.92262e+06
cycle = 4  E_corr(CCSD) = -137.210005948548  dE = 626.896155  norm(t1,t2) = 2.38393e+06
cycle = 5  E_corr(CCSD) = 5019.13793662065  dE = 5156.34794  norm(t1,t2) = 145008
cycle = 6  E_corr(CCSD) = 1003.82863827149  dE = -4015.3093  norm(t1,t2) = 2.21928e+07
cycle = 7  E_corr(CCSD) = 37.4362615934889  dE = -966.392377  norm(t1,t2) = 472540
cycle = 8  E_corr(CCSD) = 308343.700224841  dE = 308306.264  norm(t1,t2) = 3944.89
cycle = 9  E_corr(CCSD) = 0  dE = -308343.7  norm(t1,t2) = 5.30492e+11
cycle = 10  E_corr(CCSD) = 0  dE = 0  norm(t1,t2) = 3.62991
cycle = 11  E_corr(CCSD) = 0  dE = 0  norm(t1,t2) = 3.62991
cycle = 12  E_corr(CCSD) = 0  dE = 0  norm(t1,t2) = 3.62991
cycle = 13  E_corr(CCSD) = 0  dE = 0  norm(t1,t2) = 3.62991
cycle = 14  E_corr(CCSD) = 0  dE = 0  norm(t1,t2) = 3.62991
cycle = 15  E_corr(CCSD) = -5.58125921604101  dE = -5.58125922  norm(t1,t2) = 3.62991
cycle = 16  E_corr(CCSD) = -1.57317840084491  dE = 4.00808082  norm(t1,t2) = 20.7695
cycle = 17  E_corr(CCSD) = -1.02894950379679  dE = 0.544228897  norm(t1,t2) = 4.95677
cycle = 18  E_corr(CCSD) = -0.825046082632336  dE = 0.203903421  norm(t1,t2) = 1.87949

WARN:  diis singular, eigh(h) [-2.10411680e+00 -2.12416890e-14  9.18773820e-03  5.16079325e-02
  2.14658999e+00  1.77354876e+01  4.68229368e+02]

Traceback (most recent call last):
  File "main.py", line 39, in <module>
    mycc=cc.CCSD(mf).run()
  File "/public/home/xzzeng/anaconda3/envs/quantum/lib/python3.8/site-packages/pyscf/lib/misc.py", line 609, in run
    self.kernel(*args)
  File "/public/home/xzzeng/anaconda3/envs/quantum/lib/python3.8/site-packages/pyscf/cc/ccsd.py", line 1068, in kernel
    return self.ccsd(t1, t2, eris)
  File "/public/home/xzzeng/anaconda3/envs/quantum/lib/python3.8/site-packages/pyscf/cc/ccsd.py", line 1083, in ccsd
    kernel(self, eris, t1, t2, max_cycle=self.max_cycle,
  File "/public/home/xzzeng/anaconda3/envs/quantum/lib/python3.8/site-packages/pyscf/cc/ccsd.py", line 84, in kernel
    t1, t2 = mycc.run_diis(t1, t2, istep, normt, eccsd-eold, adiis)
  File "/public/home/xzzeng/anaconda3/envs/quantum/lib/python3.8/site-packages/pyscf/cc/ccsd.py", line 1195, in run_diis
    t1, t2 = self.vector_to_amplitudes(adiis.update(vec))
  File "/public/home/xzzeng/anaconda3/envs/quantum/lib/python3.8/site-packages/pyscf/lib/diis.py", line 237, in update
    self._xprev = xnew = self.extrapolate(nd)
  File "/public/home/xzzeng/anaconda3/envs/quantum/lib/python3.8/site-packages/pyscf/lib/diis.py", line 264, in extrapolate
    raise e
  File "/public/home/xzzeng/anaconda3/envs/quantum/lib/python3.8/site-packages/pyscf/lib/diis.py", line 261, in extrapolate
    c = numpy.linalg.solve(h, g)
  File "<__array_function__ internals>", line 200, in solve
  File "/public/home/xzzeng/anaconda3/envs/quantum/lib/python3.8/site-packages/numpy/linalg/linalg.py", line 386, in solve
    r = gufunc(a, b, signature=signature, extobj=extobj)
  File "/public/home/xzzeng/anaconda3/envs/quantum/lib/python3.8/site-packages/numpy/linalg/linalg.py", line 89, in _raise_linalgerror_singular
    raise LinAlgError("Singular matrix")
numpy.linalg.LinAlgError: Singular matrix
