   This run of MOLCAS is using the pymolcas driver

                             OPE
                             OPE          NMOL  CASOP  ENMOLC A   SO
                 OPE        NMOLC        AS  OP EN  MO LC     AS  OP
                OPENM       OL CA        SO  PE NM  OL CA     SOP EN
                OP EN      MO   LC       AS  OP ENMOL  CASO   PENMOL
                OP  EN     MO   LC       AS  OP EN     MO     LC ASO
               OP   E  NMOL  C  AS       OP  EN MO     LC     AS  OP
               OP  E   NMO   LC AS        OPEN  MO     LCASOP EN   M
               O  PEN   MO  LCA  SO
            OPE   NMO   L   CAS    OP
        OPENMOL  CASOP     ENMOL   CASOPE
     OPENMOLCA   SOPENMOLCASOPEN   MOLCASOPE
    OPENMOLCAS   OP           EN   MOL    CAS
    OPENMOLCAS       OP  ENM        O     LCA
    OPENMOLCAS    OPEN  MOLCASO     P  E  NMO
    OPENMOLCAS     OP               E  N  MOL
    OPENMOLCA   SO           PENM   O  L  CAS    OPEN    MO    LCAS
    OPENMOLCA   SOP           ENM   O  L  CAS   OP  EN  MOLC  AS   O
    OPENMOLCA   SOPE           NM      O  LCA   S      OP  EN MO
    OPENMOLC                AS         O  PEN   M      OL  CA  SOPE
    OPENMO        LCASOPE  NMOL        C  ASO   P      ENMOLC     AS
    OPE     NMO      LCA  SO     P     E   NM   OL  CA SO  PE N   MO
          OPENMOLCA            SOPE   NMO        LCAS  O    P  ENMO
     OPENMOLCASOPENMOLCASOPENMOLCASOPENMOLCA
        OPENMOLCASOPENMOLCASOPENMOLCASOPE
            OPENMOLCASOPENMOLCASOPENM
               OPENMOLCASOPENMOLCA        version: o822a959167d23c ?
                   OPENMOLCASO
                       OPE                tag:

 OpenMolcas is free software; you can redistribute it and/or modify it
 under the terms of the GNU Lesser General Public License version 2.1.
 OpenMolcas is distributed in the hope that it will be useful, but it
 is provided "as is" and without any express or implied warranties.
 For more details see the full text of the license in the file
 LICENSE or in <http://www.gnu.org/licenses/>.

                 Copyright (C) The OpenMolcas Authors
           For the author list and the recommended citation,
                   consult the file CONTRIBUTORS.md

           *************************************************
           * pymolcas version py2.28                       *
           *   build c4a6d18ded8cb6cad61d2372a9abd97c      *
           *   (after the EMIL interpreter by V. Veryazov) *
           *************************************************

configuration info
------------------
Host name: mgt (Linux)
C Compiler ID: GNU
C flags: -std=gnu99
Fortran Compiler ID: GNU
Fortran flags: -fno-aggressive-loop-optimizations -cpp -fdefault-integer-8 -fmax-stack-var-size=1048576
Definitions: _MOLCAS_;_I8_;_LINUX_
Parallel: OFF (GA=OFF)


   ----------------------------------------------------------------------------------------------------------
  |
  |           Project: n2
  |    Submitted from: /public/home/xzzeng/work/HQC/N2/cc-pvtz/NO/PES/entropy/6.0/results/work_dir/n2/initial
  |      Scratch area: /public/home/xzzeng/work/HQC/N2/cc-pvtz/NO/PES/entropy/6.0/results/scratch
  |   Save outputs to: /public/home/xzzeng/work/HQC/N2/cc-pvtz/NO/PES/entropy/6.0/results/work_dir/n2/initial
  |            Molcas: /public/home/xzzeng/soft/OpenMolcas/build
  |
  | Scratch area is empty
  |
  |    MOLCAS_DRIVER = /public/home/xzzeng/soft/OpenMolcas/build/pymolcas
  |    MOLCAS_NPROCS = 1
  |    MOLCAS_SOURCE = /public/home/xzzeng/soft/OpenMolcas
  | MOLCAS_STRUCTURE = 0
  |
   ----------------------------------------------------------------------------------------------------------

++ ---------   Input file   ---------

&GATEWAY
  COORD = /public/home/xzzeng/work/HQC/N2/cc-pvtz/NO/PES/entropy/6.0/n2.xyz
  BASIS = cc-pvtz
  GROUP = C1

&SEWARD
  CHOLesky

&SCF
  SPIN   = 1
  CHARGE = 0
  CHOLesky

-- ----------------------------------

--- Start Module: gateway at Tue Apr  9 00:43:47 2024 ---

()()()()()()()()()()()()()()()()()()()()()()()()()()()()()()()()()()()()()()()()()()()()()()()()()()

                                              &GATEWAY

                                   only a single process is used
                       available to each process: 12 GB of memory, 1 thread?
                                             pid: 63930
()()()()()()()()()()()()()()()()()()()()()()()()()()()()()()()()()()()()()()()()()()()()()()()()()()


++    Symmetry information:
      ---------------------

                    Character Table for C1 

                             E  
                    a        1  x, y, xy, Rz, z, xz, Ry, yz, Rx, I
--


++    Basis set information:
      ----------------------


      Basis set label: N.CC-PVTZ.........

      Electronic valence basis set:
      ------------------
      Associated Effective Charge   7.000000 au
      Associated Actual Charge      7.000000 au
      Nuclear Model: Point charge

      Shell  nPrim  nBasis  Cartesian Spherical Contaminant
         s      10       4        X                  
         p       5       3        X                  
         d       2       2                 X         
         f       1       1                 X         
--


++    Molecular structure info:
      -------------------------

                    ************************************************ 
                    **** Cartesian Coordinates / Bohr, Angstrom **** 
                    ************************************************ 

     Center  Label                x              y              z                     x              y              z
        1      N1               0.000000       0.000000       0.000000              0.000000       0.000000       0.000000
        2      N2               0.000000       0.000000      11.338357              0.000000       0.000000       6.000000
--


            Nuclear Potential Energy              4.32161389 au

--- Stop Module: gateway at Tue Apr  9 00:43:47 2024 /rc=_RC_ALL_IS_WELL_ ---
*** files: xmldump
    saved to directory /public/home/xzzeng/work/HQC/N2/cc-pvtz/NO/PES/entropy/6.0/results/work_dir/n2/initial

--- Start Module: seward at Tue Apr  9 00:43:47 2024 ---

()()()()()()()()()()()()()()()()()()()()()()()()()()()()()()()()()()()()()()()()()()()()()()()()()()

                                              &SEWARD

                                   only a single process is used
                       available to each process: 12 GB of memory, 1 thread?
                                             pid: 63933
()()()()()()()()()()()()()()()()()()()()()()()()()()()()()()()()()()()()()()()()()()()()()()()()()()

               SEWARD will generate:
                  Multipole Moment integrals up to order  2
                  Kinetic Energy integrals
                  Nuclear Attraction integrals (point charge)
                  One-Electron Hamiltonian integrals
                  Velocity integrals
                  Orbital angular momentum around ( 0.0000  0.0000  5.6692 )
                  Velocity quadrupole around ( 0.0000  0.0000  5.6692 )
                  Cholesky decomposed two-electron repulsion integrals
                   - CD Threshold:   0.10E-03

                   Integrals are discarded if absolute value <: 1.00E-40
                   Integral cutoff threshold is set to       <: 1.00E-40

            Nuclear Potential Energy              4.32161389 au


      Basis set specifications :
      Symmetry species         a  
      Basis functions           60


      Input file to MOLDEN was generated!

--- Stop Module: seward at Tue Apr  9 00:43:49 2024 /rc=_RC_ALL_IS_WELL_ ---
*** files: n2.GssOrb n2.guessorb.h5 n2.guessorb.molden xmldump
    saved to directory /public/home/xzzeng/work/HQC/N2/cc-pvtz/NO/PES/entropy/6.0/results/work_dir/n2/initial
--- Module seward spent 1 second ---

*** symbolic link created: INPORB -> n2.GssOrb
--- Start Module: scf at Tue Apr  9 00:43:49 2024 ---

()()()()()()()()()()()()()()()()()()()()()()()()()()()()()()()()()()()()()()()()()()()()()()()()()()

                                                &SCF

                                   only a single process is used
                       available to each process: 12 GB of memory, 1 thread?
                                             pid: 63936
()()()()()()()()()()()()()()()()()()()()()()()()()()()()()()()()()()()()()()()()()()()()()()()()()()

++    Input section:
      --------------

      Header of the integral files:
      
       Integrals generated by Gateway/Seward, Tue Apr  9 00:43:48 2024


      Cartesian coordinates in Angstrom:
      -----------------------------------------------------
      No.  Label        X            Y            Z        
      -----------------------------------------------------
       1   N1         0.00000000   0.00000000   0.00000000
       2   N2         0.00000000   0.00000000   6.00000000
      -----------------------------------------------------
      Nuclear repulsion energy =    4.32161389
--

++    Orbital specifications:
      -----------------------

      Symmetry species               1
                                     a
      Frozen orbitals                0
      Occupied orbitals              7
      Secondary orbitals            53
      Deleted orbitals               0
      Total number of orbitals      60
      Number of basis functions     60
--

      Molecular charge                           0.000

++    Optimization specifications:
      ----------------------------

      SCF Algorithm: LK-Cholesky
      LK screening threshold:                     4.50E-02
      Local-Exchange (LK) algorithm.
       - the density matrix is decomposed
      The actual AO density is used
      Number of density matrices in core                 5
      Maximum number of NDDO SCF iterations            400
      Maximum number of HF SCF iterations              400
      Threshold for SCF energy change             1.00E-09
      Threshold for density matrix                1.00E-04
      Threshold for Fock matrix                   1.50E-04
      Threshold for linear dependence             1.00E-09
      Threshold at which DIIS is turned on        1.50E-01
      Maximum depth in the DIIS procedure                5
      Maximum depth in the BFGS Hessian update          30
      Threshold at which QNR/C2DIIS is turned on  7.50E-02
      Threshold for Norm(delta) (QNR/C2DIIS)      1.00E-03
      All orbitals punched on: SCFORB
--

      Input vectors read from INPORB
      Orbital file label: *Guess orbitals


++ Convergence information
                                   SCF        iterations: Energy and convergence statistics

Iter     Tot. SCF        One-elec.       Two-elec.     Energy      Max Dij or  Max Fij      DNorm      TNorm      AccCon     Time
         Energy          Energy          Energy        Change      Delta Norm                                                in Sec.
   1  -107.715234840  -157.152975237    45.116126508   0.00E+00    2.89E-01*   1.15E-01*    6.16E+00   4.69E+01   None         0.
   2  -107.807672581  -154.471686953    42.342400483  -9.24E-02*   7.28E-02*   4.99E-02*    5.23E+00   4.56E+01   EDIIS        0.
   3  -107.818599419  -155.525455022    43.385241714  -1.09E-02*   1.72E-02*   1.25E-02*    5.62E+00   4.61E+01   c2DIIS       0.
   4  -107.819361309  -155.224687901    43.083712704  -7.62E-04*   3.92E-01*   1.99E-02*    5.52E+00   4.60E+01   QNRc2DIIS    0.
   5  -107.150953664  -155.268475726    43.795908173   6.68E-01*   3.76E-01*   4.77E-01*    5.46E+00   4.63E+01   QNRc2DIIS    0.
   6  -107.820278056  -155.191684771    43.049792826  -6.69E-01*   1.02E-02*   3.96E-03*    5.52E+00   4.59E+01   QNRc2DIIS    0.
   7  -107.820440122  -155.249808714    43.107754703  -1.62E-04*   7.83E-03*   3.42E-03*    5.54E+00   4.60E+01   QNRc2DIIS    0.
   8  -107.820350781  -155.233707247    43.091742577   8.93E-05*   3.47E-03*   2.79E-03*    5.53E+00   4.60E+01   QNRc2DIIS    0.
   9  -107.820354346  -155.239631002    43.097662767  -3.57E-06*   2.76E-04    1.52E-04*    5.53E+00   4.60E+01   QNRc2DIIS    0.
  10  -107.820354479  -155.238781220    43.096812852  -1.33E-07*   2.41E-04    8.28E-05     5.53E+00   4.60E+01   QNRc2DIIS    0.
  11  -107.820354542  -155.238539774    43.096571343  -6.31E-08*   1.91E-04    9.04E-05     5.53E+00   4.60E+01   QNRc2DIIS    0.
  12  -107.820354516  -155.239209664    43.097241258   2.60E-08*   5.18E-05    4.48E-05     5.53E+00   4.60E+01   QNRc2DIIS    0.
  13  -107.820354509  -155.238860127    43.096891729   7.38E-09*   2.88E-04    4.32E-05     5.53E+00   4.60E+01   QNRc2DIIS    0.
  14  -107.820354584  -155.239395688    43.097427215  -7.52E-08*   3.77E-04    1.25E-04     5.53E+00   4.60E+01   QNRc2DIIS    0.
  15  -107.820354510  -155.239583696    43.097615296   7.41E-08*   1.35E-05    8.31E-06     5.53E+00   4.60E+01   QNRc2DIIS    0.
  16  -107.820354520  -155.239566298    43.097597888  -1.01E-08*   1.87E-05    5.29E-06     5.53E+00   4.60E+01   QNRc2DIIS    0.
  17  -107.820354521  -155.239576831    43.097608421  -5.47E-10    1.85E-05    6.26E-06     5.53E+00   4.60E+01   QNRc2DIIS    0.

       Convergence after  17 Macro Iterations
--

 *****************************************************************************************************************************
 *                                                                                                                           *
 *                                             SCF/KS-DFT Program, Final results                                             *
 *                                                                                                                           *
 *                                                                                                                           *
 *                                                                                                                           *
 *                                                       Final Results                                                       *
 *                                                                                                                           *
 *****************************************************************************************************************************

::    Total SCF energy                               -107.8203545208
      One-electron energy                            -155.2395768311
      Two-electron energy                              43.0976084213
      Nuclear repulsion energy                          4.3216138890
      Kinetic energy (interpolated)                   107.7866821923
      Virial theorem                                    1.0003123979
      Total spin, S(S+1)                                0.0000000000
      Total spin, S                                     0.0000000000
      Max non-diagonal density matrix element           0.0000234503
      Max non-diagonal Fock matrix element              0.0000072977


      All orbitals with orbital energies smaller than  E(LUMO)+0.5 are printed

++    Molecular orbitals:
      -------------------

      Title: SCF orbitals

      Molecular orbitals for symmetry species 1: a  

          Orbital            1         2         3         4         5         6         7         8         9        10    
          Energy          -15.8000  -15.8000   -1.0233   -1.0216   -0.2933   -0.2920   -0.2920   -0.2046   -0.2046   -0.2029
          Occ. No.          2.0000    2.0000    2.0000    2.0000    2.0000    2.0000    2.0000    0.0000    0.0000    0.0000

        1 N1     1s         0.2728   -0.9629    0.0013   -0.0016    0.0014    0.0000   -0.0000   -0.0000    0.0000    0.0009
        2 N1     2s         0.0001   -0.0003    0.7277   -0.7317    0.0083    0.0000    0.0000   -0.0000    0.0000    0.0086
        3 N1     *s        -0.0004    0.0013    0.0074   -0.0073   -0.0003   -0.0000    0.0000    0.0000   -0.0000   -0.0004
        4 N1     *s        -0.0000    0.0002   -0.0299    0.0316   -0.0072   -0.0000    0.0000    0.0000   -0.0000   -0.0042
        5 N1     2px       -0.0000   -0.0000    0.0000   -0.0000   -0.0000   -0.0030   -0.6471    0.0053    0.6469   -0.0000
        6 N1     *px       -0.0000    0.0000   -0.0000    0.0000    0.0000    0.0001    0.0177   -0.0001   -0.0178   -0.0000
        7 N1     *px       -0.0000    0.0000    0.0000   -0.0000   -0.0000   -0.0005   -0.0982    0.0008    0.0986    0.0000
        8 N1     2py        0.0000    0.0000    0.0000    0.0000   -0.0000    0.6471   -0.0030   -0.6469    0.0053   -0.0000
        9 N1     *py        0.0000   -0.0000   -0.0000   -0.0000    0.0000   -0.0177    0.0001    0.0178   -0.0001    0.0000
       10 N1     *py        0.0000   -0.0000   -0.0000    0.0000   -0.0000    0.0982   -0.0005   -0.0986    0.0008   -0.0000
       11 N1     2pz        0.0000   -0.0001    0.0011    0.0045   -0.6464    0.0000   -0.0000    0.0000   -0.0000    0.6471
       12 N1     *pz       -0.0000    0.0001   -0.0000   -0.0002    0.0182   -0.0000    0.0000   -0.0000    0.0000   -0.0174
       13 N1     *pz       -0.0000    0.0000    0.0008    0.0004   -0.0996    0.0000   -0.0000    0.0000    0.0000    0.0979
       14 N1     *d2-      -0.0000    0.0000   -0.0000    0.0000    0.0000   -0.0000    0.0000   -0.0000   -0.0000    0.0000
       15 N1     *d2-      -0.0000    0.0000   -0.0000    0.0000   -0.0000   -0.0000    0.0000   -0.0000   -0.0000   -0.0000
       16 N1     *d1-       0.0000   -0.0000    0.0000   -0.0000   -0.0000    0.0001   -0.0000   -0.0001    0.0000   -0.0000
       17 N1     *d1-       0.0000   -0.0000    0.0000   -0.0000    0.0000    0.0015   -0.0000    0.0012   -0.0000   -0.0000
       18 N1     *d0       -0.0000    0.0000   -0.0000    0.0000   -0.0001    0.0000   -0.0000   -0.0000   -0.0000    0.0001
       19 N1     *d0        0.0000    0.0000    0.0001    0.0001   -0.0018   -0.0000    0.0000    0.0000   -0.0000   -0.0014
       20 N1     *d1+       0.0000   -0.0000    0.0000   -0.0000   -0.0000   -0.0000   -0.0001    0.0000    0.0001    0.0000
       21 N1     *d1+       0.0000   -0.0000    0.0000   -0.0000    0.0000   -0.0000   -0.0015   -0.0000   -0.0012    0.0000
       22 N1     *d2+       0.0000   -0.0000    0.0000   -0.0000   -0.0000    0.0000    0.0000   -0.0000    0.0000   -0.0000
       23 N1     *d2+       0.0000   -0.0000    0.0000   -0.0000    0.0000    0.0000    0.0000   -0.0000    0.0000    0.0000
       24 N1     *f3-      -0.0000    0.0000    0.0000   -0.0000   -0.0000   -0.0000    0.0000    0.0000   -0.0000    0.0000
       25 N1     *f2-       0.0000   -0.0000    0.0000    0.0000   -0.0000   -0.0000    0.0000   -0.0000   -0.0000    0.0000
       26 N1     *f1-      -0.0000   -0.0000   -0.0000   -0.0000    0.0000    0.0000   -0.0000    0.0000   -0.0000   -0.0000
       27 N1     *f0        0.0000   -0.0000    0.0000    0.0000   -0.0000    0.0000   -0.0000   -0.0000   -0.0000   -0.0000
       28 N1     *f1+       0.0000   -0.0000   -0.0000   -0.0000    0.0000   -0.0000   -0.0000   -0.0000   -0.0000    0.0000
       29 N1     *f2+       0.0000   -0.0000    0.0000   -0.0000    0.0000    0.0000    0.0000   -0.0000    0.0000   -0.0000
       30 N1     *f3+      -0.0000    0.0000    0.0000   -0.0000   -0.0000    0.0000    0.0000   -0.0000   -0.0000    0.0000
       31 N2     1s         0.9629    0.2728    0.0013    0.0016    0.0014   -0.0000    0.0000   -0.0000    0.0000   -0.0009
       32 N2     2s         0.0004    0.0001    0.7302    0.7293    0.0083   -0.0000    0.0000   -0.0000    0.0000   -0.0086
       33 N2     *s        -0.0013   -0.0004    0.0074    0.0073   -0.0003    0.0000   -0.0000    0.0000   -0.0000    0.0004
       34 N2     *s        -0.0002   -0.0001   -0.0300   -0.0315   -0.0072    0.0000   -0.0000    0.0000   -0.0000    0.0042
       35 N2     2px        0.0000    0.0000    0.0000   -0.0000    0.0000   -0.0030   -0.6471   -0.0053   -0.6469   -0.0000
       36 N2     *px       -0.0000   -0.0000    0.0000    0.0000   -0.0000    0.0001    0.0177    0.0001    0.0178   -0.0000
       37 N2     *px       -0.0000   -0.0000    0.0000   -0.0000    0.0000   -0.0005   -0.0982   -0.0008   -0.0986    0.0000
       38 N2     2py        0.0000    0.0000    0.0000    0.0000    0.0000    0.6471   -0.0030    0.6469   -0.0053   -0.0000
       39 N2     *py       -0.0000   -0.0000    0.0000   -0.0000   -0.0000   -0.0177    0.0001   -0.0178    0.0001    0.0000
       40 N2     *py       -0.0000    0.0000    0.0000    0.0000    0.0000    0.0982   -0.0005    0.0986   -0.0008   -0.0000
       41 N2     2pz       -0.0001   -0.0000   -0.0011    0.0045    0.6464    0.0000   -0.0000   -0.0000    0.0000    0.6471
       42 N2     *pz        0.0001    0.0000    0.0000   -0.0002   -0.0182   -0.0000    0.0000    0.0000   -0.0000   -0.0174
       43 N2     *pz        0.0000    0.0000   -0.0008    0.0004    0.0996    0.0000   -0.0000   -0.0000   -0.0000    0.0979
       44 N2     *d2-       0.0000    0.0000    0.0000    0.0000   -0.0000    0.0000   -0.0000   -0.0000   -0.0000    0.0000
       45 N2     *d2-       0.0000    0.0000    0.0000    0.0000    0.0000    0.0000   -0.0000    0.0000   -0.0000   -0.0000
       46 N2     *d1-       0.0000    0.0000    0.0000    0.0000   -0.0000   -0.0001    0.0000   -0.0001    0.0000    0.0000
       47 N2     *d1-       0.0000    0.0000    0.0000    0.0000    0.0000   -0.0015    0.0000    0.0012   -0.0000    0.0000
       48 N2     *d0       -0.0000   -0.0000   -0.0000   -0.0000   -0.0001   -0.0000    0.0000   -0.0000   -0.0000   -0.0001
       49 N2     *d0        0.0000   -0.0000    0.0001   -0.0001   -0.0018    0.0000   -0.0000    0.0000   -0.0000    0.0014
       50 N2     *d1+       0.0000    0.0000   -0.0000   -0.0000    0.0000    0.0000    0.0001    0.0000    0.0001   -0.0000
       51 N2     *d1+       0.0000    0.0000    0.0000    0.0000    0.0000    0.0000    0.0015   -0.0000   -0.0012   -0.0000
       52 N2     *d2+      -0.0000   -0.0000   -0.0000   -0.0000    0.0000   -0.0000   -0.0000   -0.0000    0.0000   -0.0000
       53 N2     *d2+      -0.0000   -0.0000   -0.0000   -0.0000   -0.0000   -0.0000   -0.0000   -0.0000   -0.0000    0.0000
       54 N2     *f3-      -0.0000   -0.0000    0.0000    0.0000   -0.0000    0.0000   -0.0000    0.0000   -0.0000    0.0000
       55 N2     *f2-       0.0000    0.0000    0.0000   -0.0000   -0.0000   -0.0000    0.0000    0.0000    0.0000   -0.0000
       56 N2     *f1-      -0.0000   -0.0000    0.0000   -0.0000   -0.0000    0.0000   -0.0000   -0.0000    0.0000   -0.0000
       57 N2     *f0       -0.0000    0.0000   -0.0000    0.0000    0.0000    0.0000   -0.0000    0.0000    0.0000   -0.0000
       58 N2     *f1+      -0.0000   -0.0000    0.0000   -0.0000   -0.0000   -0.0000   -0.0000    0.0000    0.0000    0.0000
       59 N2     *f2+       0.0000    0.0000   -0.0000   -0.0000    0.0000    0.0000    0.0000    0.0000   -0.0000    0.0000
       60 N2     *f3+      -0.0000   -0.0000    0.0000   -0.0000   -0.0000   -0.0000   -0.0000   -0.0000   -0.0000    0.0000
--


++    Molecular charges:
      ------------------

      Mulliken charges per centre and basis function type
      ---------------------------------------------------

                N1      N2    
      1s       2.0015  2.0015
      2s       2.0635  2.0635
      2px      0.9111  0.9111
      2pz      0.9100  0.9100
      2py      0.9111  0.9111
      *s      -0.0650 -0.0651
      *px      0.0889  0.0889
      *pz      0.0900  0.0900
      *py      0.0889  0.0889
      *d2+     0.0000  0.0000
      *d1+     0.0000  0.0000
      *d0      0.0000  0.0000
      *d1-     0.0000  0.0000
      *d2-     0.0000  0.0000
      *f3+     0.0000  0.0000
      *f2+     0.0000  0.0000
      *f1+     0.0000  0.0000
      *f0      0.0000  0.0000
      *f1-     0.0000  0.0000
      *f2-     0.0000  0.0000
      *f3-     0.0000  0.0000
      Total    7.0000  7.0000

      N-E     -0.0000  0.0000

      Total electronic charge=   14.000000

      Total            charge=   -0.000000
--


++    Molecular properties:
      ---------------------

      Charge (e):
                      =   -0.0000
      Dipole Moment (Debye):
      Origin of the operator (Ang)=    0.0000    0.0000    0.0000
                   X= -1.2425E-09               Y= -1.6562E-09               Z=  2.6084E-04           Total=  2.6084E-04
      Quadrupole Moment (Debye*Ang):
      Origin of the operator (Ang)=    0.0000    0.0000    3.0000
                  XX= -1.2110E+01              XY= -3.3075E-11              XZ= -2.4672E-07              YY= -1.2110E+01
                  YZ= -2.6048E-05              ZZ= -1.1963E+01
      In traceless form (Debye*Ang)
                  XX= -7.3650E-02              XY= -4.9612E-11              XZ= -3.7008E-07              YY= -7.3650E-02
                  YZ= -3.9073E-05              ZZ=  1.4730E-01
--


      Input file to MOLDEN was generated!

 ###############################################################################
 ###############################################################################
 ###                                                                         ###
 ###                                                                         ###
 ###    WARNING: RunFile label nBas                                          ###
 ###    was used       74 times                                              ###
 ###                                                                         ###
 ###                                                                         ###
 ###############################################################################
 ###############################################################################
--- Stop Module: scf at Tue Apr  9 00:43:50 2024 /rc=_RC_ALL_IS_WELL_ ---
*** files: n2.GssOrb n2.guessorb.h5 n2.guessorb.molden n2.scf.molden n2.ScfOrb n2.scf.h5 xmldump
    saved to directory /public/home/xzzeng/work/HQC/N2/cc-pvtz/NO/PES/entropy/6.0/results/work_dir/n2/initial
--- Module scf spent 1 second ---

.##################.
.# Happy landing! #.
.##################.

    Timing: Wall=3.07 User=1.66 System=0.26
