

******** <class 'pyscf.scf.hf.RHF'> ********
method = RHF
initial guess = minao
damping factor = 0
level_shift factor = 0
DIIS = <class 'pyscf.scf.diis.CDIIS'>
diis_start_cycle = 1
diis_space = 8
diis_damp = 0
SCF conv_tol = 1e-09
SCF conv_tol_grad = None
SCF max_cycles = 50
direct_scf = True
direct_scf_tol = 1e-13
chkfile to save SCF result = /tmp/tmpjn2q5mfe
max_memory 4000 MB (current use 202 MB)
Set gradient conv threshold to 3.16228e-05
Initial guess from minao.
init E= -108.683283530877
  HOMO = -0.364976187675584  LUMO = 0.0275629497819018
cycle= 1 E= -108.913684909057  delta_E= -0.23  |g|= 0.332  |ddm|= 1.28
  HOMO = -0.625777709989818  LUMO = 0.0655254375608665
cycle= 2 E= -108.937698380264  delta_E= -0.024  |g|= 0.0974  |ddm|= 0.228
  HOMO = -0.571928509952778  LUMO = 0.113282312984667
cycle= 3 E= -108.939515917151  delta_E= -0.00182  |g|= 0.0175  |ddm|= 0.049
  HOMO = -0.571349363807385  LUMO = 0.11464602784768
cycle= 4 E= -108.939641581098  delta_E= -0.000126  |g|= 0.0022  |ddm|= 0.0189
  HOMO = -0.571903736614699  LUMO = 0.114239535136572
cycle= 5 E= -108.939642725412  delta_E= -1.14e-06  |g|= 0.000143  |ddm|= 0.00181
  HOMO = -0.571909229616745  LUMO = 0.114224069443697
cycle= 6 E= -108.939642732437  delta_E= -7.02e-09  |g|= 3.07e-05  |ddm|= 0.000146
  HOMO = -0.571901368044446  LUMO = 0.114230982086687
cycle= 7 E= -108.939642732822  delta_E= -3.85e-10  |g|= 3.88e-06  |ddm|= 4.78e-05
  HOMO = -0.571901558097438  LUMO = 0.114230519293301
Extra cycle  E= -108.939642732827  delta_E= -5.77e-12  |g|= 1.11e-06  |ddm|= 6.52e-06
converged SCF energy = -108.939642732827

******** <class 'pyscf.mp.mp2.MP2'> ********
nocc = 7, nmo = 60
max_memory 4000 MB (current use 234 MB)
E(MP2) = -109.368522023305  E_corr = -0.428879290477432
E(SCS-MP2) = -109.359039042779  E_corr = -0.419396309951511
E_corr(same-spin) = -0.109914044563162
E_corr(oppo-spin) = -0.31896524591427

******** <class 'pyscf.mcscf.mc1step.CASSCF'> ********
CAS (3e+3e, 5o), ncore = 4, nvir = 51
max_cycle_macro = 50
max_cycle_micro = 4
conv_tol = 1e-07
conv_tol_grad = None
orbital rotation max_stepsize = 0.02
orbital rotation threshold for CI restart = 0.01
augmented hessian ah_max_cycle = 30
augmented hessian ah_conv_tol = 1e-12
augmented hessian ah_linear dependence = 1e-14
augmented hessian ah_level shift = 1e-08
augmented hessian ah_start_tol = 2.5
augmented hessian ah_start_cycle = 3
augmented hessian ah_grad_trust_region = 3
kf_trust_region = 3
kf_interval = 4
ci_response_space = 4
ci_grad_trust_region = 3
with_dep4 0
natorb = False
canonicalization = True
sorting_mo_energy = False
ao2mo_level = 2
chkfile = /tmp/tmpjn2q5mfe
max_memory 4000 MB (current use 237 MB)
internal_rotation = False
******** <class 'pyscf.fci.direct_spin1.FCISolver'> ********
max. cycles = 50
conv_tol = 1e-08
davidson only = False
linear dependence = 1e-12
level shift = 0.001
max iter space = 12
max_memory 4000 MB
nroots = 1
pspace_size = 400
spin = None
CASCI E = -109.052007652128  S^2 = 0.0000000
Set conv_tol_grad to 0.000316228
macro iter   1 ( 12 JK    4 micro), CASSCF E = -109.055820747798  dE = -3.81309567e-03  S^2 = 0.0000000
               |grad[o]|=0.096  |grad[c]|=0.00438  |ddm|=0.0173  |maxRot[o]|=0.0313
macro iter   2 (  8 JK    3 micro), CASSCF E = -109.055821753673  dE = -1.00587565e-06  S^2 = 0.0000000
               |grad[o]|=0.00112  |grad[c]|=1.6e-05  |ddm|=3.84e-05  |maxRot[o]|=0.00192
macro iter   3 (  1 JK    1 micro), CASSCF E = -109.055821753678  dE = -4.39115411e-12  S^2 = 0.0000000
               |grad[o]|=2.7e-05  |grad[c]|=2.24e-06  |ddm|=1.61e-06  |maxRot[o]|=    0
1-step CASSCF converged in   3 macro ( 21 JK   8 micro) steps
CASSCF canonicalization
Density matrix diagonal elements [1.98863853 1.91265402 1.91265402 0.09302671 0.09302671]
CASSCF energy = -109.055821753678
CASCI E = -109.055821753678  E(CI) = -11.3410042263278  S^2 = 0.0000000
Natural occ [1.98863853 1.91265402 1.91265402 0.09302671 0.09302671]
Natural orbital (expansion on meta-Lowdin AOs) in CAS space
               #1        #2        #3        #4        #5       
0 N 1s           0.01675   0.00000   0.00000   0.00000  -0.00000
0 N 2s           0.57773  -0.00000   0.00000   0.00000   0.00000
0 N 3s          -0.00532   0.00000  -0.00000  -0.00000   0.00000
0 N 4s          -0.00433   0.00000  -0.00000  -0.00000   0.00000
0 N 2px          0.00000   0.64664   0.28157  -0.55686  -0.43278
0 N 2py          0.00000   0.28157  -0.64664  -0.43278   0.55686
0 N 2pz         -0.40715  -0.00000  -0.00000  -0.00000   0.00000
0 N 3px         -0.00000   0.00096   0.00042  -0.03738  -0.02905
0 N 3py          0.00000   0.00042  -0.00096  -0.02905   0.03738
0 N 3pz          0.00091   0.00000   0.00000   0.00000  -0.00000
0 N 4px         -0.00000  -0.00603  -0.00263   0.00326   0.00253
0 N 4py          0.00000  -0.00263   0.00603   0.00253  -0.00326
0 N 4pz         -0.00458   0.00000  -0.00000  -0.00000   0.00000
0 N 3dxy        -0.00000   0.00000  -0.00000  -0.00000  -0.00000
0 N 3dyz        -0.00000   0.01962  -0.04505  -0.00792   0.01019
0 N 3dz^2       -0.00954  -0.00000   0.00000   0.00000  -0.00000
0 N 3dxz         0.00000   0.04505   0.01962  -0.01019  -0.00792
0 N 3dx2-y2      0.00000   0.00000  -0.00000  -0.00000  -0.00000
0 N 4dxy        -0.00000  -0.00000  -0.00000  -0.00000   0.00000
0 N 4dyz        -0.00000   0.00114  -0.00261  -0.00678   0.00872
0 N 4dz^2       -0.00115   0.00000   0.00000   0.00000  -0.00000
0 N 4dxz         0.00000   0.00261   0.00114  -0.00872  -0.00678
0 N 4dx2-y2     -0.00000  -0.00000  -0.00000  -0.00000  -0.00000
0 N 4f-3         0.00000   0.00000  -0.00000  -0.00000   0.00000
0 N 4f-2         0.00000  -0.00000   0.00000  -0.00000  -0.00000
0 N 4f-1        -0.00000   0.00416  -0.00955   0.00497  -0.00639
0 N 4f+0         0.00304  -0.00000   0.00000   0.00000  -0.00000
0 N 4f+1         0.00000   0.00955   0.00416   0.00639   0.00497
0 N 4f+2        -0.00000   0.00000   0.00000  -0.00000  -0.00000
0 N 4f+3         0.00000  -0.00000  -0.00000   0.00000   0.00000
1 N 1s          -0.01675   0.00000   0.00000  -0.00000  -0.00000
1 N 2s          -0.57773   0.00000  -0.00000   0.00000   0.00000
1 N 3s           0.00532  -0.00000   0.00000   0.00000  -0.00000
1 N 4s           0.00433  -0.00000   0.00000   0.00000  -0.00000
1 N 2px          0.00000   0.64664   0.28157   0.55686   0.43278
1 N 2py          0.00000   0.28157  -0.64664   0.43278  -0.55686
1 N 2pz         -0.40715  -0.00000   0.00000   0.00000   0.00000
1 N 3px          0.00000   0.00096   0.00042   0.03738   0.02905
1 N 3py         -0.00000   0.00042  -0.00096   0.02905  -0.03738
1 N 3pz          0.00091  -0.00000   0.00000   0.00000  -0.00000
1 N 4px          0.00000  -0.00603  -0.00263  -0.00326  -0.00253
1 N 4py         -0.00000  -0.00263   0.00603  -0.00253   0.00326
1 N 4pz         -0.00458   0.00000  -0.00000  -0.00000   0.00000
1 N 3dxy         0.00000   0.00000  -0.00000  -0.00000  -0.00000
1 N 3dyz        -0.00000  -0.01962   0.04505  -0.00792   0.01019
1 N 3dz^2        0.00954   0.00000  -0.00000  -0.00000   0.00000
1 N 3dxz         0.00000  -0.04505  -0.01962  -0.01019  -0.00792
1 N 3dx2-y2     -0.00000  -0.00000  -0.00000  -0.00000  -0.00000
1 N 4dxy        -0.00000  -0.00000  -0.00000  -0.00000  -0.00000
1 N 4dyz        -0.00000  -0.00114   0.00261  -0.00678   0.00872
1 N 4dz^2        0.00115   0.00000  -0.00000  -0.00000   0.00000
1 N 4dxz         0.00000  -0.00261  -0.00114  -0.00872  -0.00678
1 N 4dx2-y2     -0.00000   0.00000  -0.00000  -0.00000  -0.00000
1 N 4f-3         0.00000   0.00000  -0.00000   0.00000  -0.00000
1 N 4f-2        -0.00000   0.00000  -0.00000  -0.00000   0.00000
1 N 4f-1         0.00000   0.00416  -0.00955  -0.00497   0.00639
1 N 4f+0         0.00304  -0.00000   0.00000   0.00000  -0.00000
1 N 4f+1        -0.00000   0.00955   0.00416  -0.00639  -0.00497
1 N 4f+2         0.00000   0.00000   0.00000   0.00000   0.00000
1 N 4f+3         0.00000  -0.00000  -0.00000  -0.00000  -0.00000
<CAS-nat-orb|mo-hf>  5      4        0.99994654
<CAS-nat-orb|mo-hf>  6      7        0.99683970
<CAS-nat-orb|mo-hf>  7      6        0.99683970
<CAS-nat-orb|mo-hf>  8      8        0.79211373
<CAS-nat-orb|mo-hf>  8      9        0.60883252
<CAS-nat-orb|mo-hf>  9      8       -0.60883252
<CAS-nat-orb|mo-hf>  9      9        0.79211373
Sr    (-1)',   E = -0.03348864424445
Si    (+1)',   E = -0.00072468262519
Sijrs (0)  ,   E = -0.05375700051029
Sijr  (+1) ,   E = -0.00457997081274
Srsi  (-1) ,   E = -0.08633999124747
Srs   (-2) ,   E = -0.05104903760037
Sij   (+2) ,   E = -0.00092157747667
Sir   (0)' ,   E = -0.06378188065038
Nevpt2 Energy = -0.294642785167558
nevpt2 and energy:  -0.29464278516755793 -109.35046453884543
